<?xml version="1.0" encoding="UTF-8"?>
<robot generator="Robot 3.2.1 (Python 3.8.2 on win32)" generated="20200515 13:51:10.814" rpa="false">
<suite id="s1" name="Salary Revision Planner" source="D:\Robot Framework\Salary Revision Planner">
<suite id="s1-s1" name="Test Suite" source="D:\Robot Framework\Salary Revision Planner\Test Suite">
<suite id="s1-s1-s1" name="GHR-Admin" source="D:\Robot Framework\Salary Revision Planner\Test Suite\GHR-Admin">
<suite id="s1-s1-s1-s1" name="Revision Planner" source="D:\Robot Framework\Salary Revision Planner\Test Suite\GHR-Admin\Revision Planner">
<suite id="s1-s1-s1-s1-s1" name="Revision Planner Test Scenarios" source="D:\Robot Framework\Salary Revision Planner\Test Suite\GHR-Admin\Revision Planner\Revision Planner Test Scenarios.robot">
<test id="s1-s1-s1-s1-s1-t1" name="Login to greytHR Application and Redirect to Revision Planner Wizard Page">
<kw name="TC_01_Login to greythr Application with Valid credentials and Re-direct to Revision Planner Page" library="Login">
<kw name="Set Selenium Implicit Wait" library="SeleniumLibrary">
<doc>Sets the implicit wait value used by Selenium.</doc>
<arguments>
<arg>10</arg>
</arguments>
<status status="PASS" starttime="20200515 13:51:12.092" endtime="20200515 13:51:12.092"></status>
</kw>
<kw name="Open Browser" library="SeleniumLibrary">
<doc>Opens a new browser instance to the optional ``url``.</doc>
<arguments>
<arg>${URL}</arg>
<arg>${Browser}</arg>
</arguments>
<msg timestamp="20200515 13:51:12.093" level="INFO">Opening browser 'chrome' to base url 'http://masterdemo5.gtatlantis.gr8hr.biz/'.</msg>
<status status="PASS" starttime="20200515 13:51:12.092" endtime="20200515 13:51:37.422"></status>
</kw>
<kw name="Maximize Browser Window" library="SeleniumLibrary">
<doc>Maximizes current browser window.</doc>
<status status="PASS" starttime="20200515 13:51:37.423" endtime="20200515 13:51:39.580"></status>
</kw>
<kw name="Wait Until Element Is Visible" library="SeleniumLibrary">
<doc>Waits until the element ``locator`` is visible.</doc>
<arguments>
<arg>//button</arg>
<arg>60</arg>
</arguments>
<status status="PASS" starttime="20200515 13:51:39.580" endtime="20200515 13:51:39.620"></status>
</kw>
<kw name="Input Text" library="SeleniumLibrary">
<doc>Types the given ``text`` into the text field identified by ``locator``.</doc>
<arguments>
<arg>//input[@name='username']</arg>
<arg>${username}</arg>
</arguments>
<msg timestamp="20200515 13:51:39.621" level="INFO">Typing text 'majordomo' into text field '//input[@name='username']'.</msg>
<status status="PASS" starttime="20200515 13:51:39.621" endtime="20200515 13:51:39.745"></status>
</kw>
<kw name="Input Text" library="SeleniumLibrary">
<doc>Types the given ``text`` into the text field identified by ``locator``.</doc>
<arguments>
<arg>//input[@name='password']</arg>
<arg>${password}</arg>
</arguments>
<msg timestamp="20200515 13:51:39.746" level="INFO">Typing text 'sa' into text field '//input[@name='password']'.</msg>
<status status="PASS" starttime="20200515 13:51:39.746" endtime="20200515 13:51:39.860"></status>
</kw>
<kw name="Click Button" library="SeleniumLibrary">
<doc>Clicks the button identified by ``locator``.</doc>
<arguments>
<arg>//button[contains(@type,'submit')]</arg>
</arguments>
<msg timestamp="20200515 13:51:39.861" level="INFO">Clicking button '//button[contains(@type,'submit')]'.</msg>
<status status="PASS" starttime="20200515 13:51:39.861" endtime="20200515 13:51:39.960"></status>
</kw>
<kw name="Wait Until Element Is Visible" library="SeleniumLibrary">
<doc>Waits until the element ``locator`` is visible.</doc>
<arguments>
<arg>//div[contains(text(),"HR News")]</arg>
<arg>60</arg>
</arguments>
<status status="PASS" starttime="20200515 13:51:39.961" endtime="20200515 13:51:49.643"></status>
</kw>
<kw name="Go To" library="SeleniumLibrary">
<doc>Navigates the current browser window to the provided ``url``.</doc>
<arguments>
<arg>${URL}ngapp/payroll/admin/revision-planner</arg>
</arguments>
<msg timestamp="20200515 13:51:49.645" level="INFO">Opening url 'http://masterdemo5.gtatlantis.gr8hr.biz/ngapp/payroll/admin/revision-planner'</msg>
<status status="PASS" starttime="20200515 13:51:49.644" endtime="20200515 13:51:51.879"></status>
</kw>
<status status="PASS" starttime="20200515 13:51:12.091" endtime="20200515 13:51:51.880"></status>
</kw>
<status status="PASS" starttime="20200515 13:51:12.089" endtime="20200515 13:51:51.880" critical="yes"></status>
</test>
<test id="s1-s1-s1-s1-s1-t2" name="Salary Increment">
<kw name="TC_02_Create New Analysis" library="Salary Increment">
<kw name="Sleep" library="BuiltIn">
<doc>Pauses the test executed for the given time.</doc>
<arguments>
<arg>2s</arg>
</arguments>
<msg timestamp="20200515 13:51:53.886" level="INFO">Slept 2 seconds</msg>
<status status="PASS" starttime="20200515 13:51:51.884" endtime="20200515 13:51:53.886"></status>
</kw>
<kw name="Click Element" library="SeleniumLibrary">
<doc>Click the element identified by ``locator``.</doc>
<arguments>
<arg>//button[@class='btn btn-primary pull-right']</arg>
</arguments>
<msg timestamp="20200515 13:51:53.887" level="INFO">Clicking element '//button[@class='btn btn-primary pull-right']'.</msg>
<status status="PASS" starttime="20200515 13:51:53.886" endtime="20200515 13:51:54.670"></status>
</kw>
<status status="PASS" starttime="20200515 13:51:51.882" endtime="20200515 13:51:54.671"></status>
</kw>
<kw name="TC_03_Select the Goal as Salary Increment" library="Salary Increment">
<kw name="Sleep" library="BuiltIn">
<doc>Pauses the test executed for the given time.</doc>
<arguments>
<arg>2s</arg>
</arguments>
<msg timestamp="20200515 13:51:56.672" level="INFO">Slept 2 seconds</msg>
<status status="PASS" starttime="20200515 13:51:54.672" endtime="20200515 13:51:56.672"></status>
</kw>
<kw name="Click Element" library="SeleniumLibrary">
<doc>Click the element identified by ``locator``.</doc>
<arguments>
<arg>//div[@class='span6']//div[1]//div[1]//div[1]//a[1]//div[1]//b[1]</arg>
</arguments>
<msg timestamp="20200515 13:51:56.673" level="INFO">Clicking element '//div[@class='span6']//div[1]//div[1]//div[1]//a[1]//div[1]//b[1]'.</msg>
<status status="PASS" starttime="20200515 13:51:56.672" endtime="20200515 13:51:56.982"></status>
</kw>
<kw name="Click Element" library="SeleniumLibrary">
<doc>Click the element identified by ``locator``.</doc>
<arguments>
<arg>//div[contains(text(),'Salary Increment')]</arg>
</arguments>
<msg timestamp="20200515 13:51:56.983" level="INFO">Clicking element '//div[contains(text(),'Salary Increment')]'.</msg>
<status status="PASS" starttime="20200515 13:51:56.983" endtime="20200515 13:51:57.130"></status>
</kw>
<status status="PASS" starttime="20200515 13:51:54.671" endtime="20200515 13:51:57.131"></status>
</kw>
<kw name="TC_04_Select the CTC Salary Item as Annual CTC" library="Salary Increment">
<kw name="Sleep" library="BuiltIn">
<doc>Pauses the test executed for the given time.</doc>
<arguments>
<arg>2s</arg>
</arguments>
<msg timestamp="20200515 13:51:59.134" level="INFO">Slept 2 seconds</msg>
<status status="PASS" starttime="20200515 13:51:57.132" endtime="20200515 13:51:59.134"></status>
</kw>
<kw name="Click Element" library="SeleniumLibrary">
<doc>Click the element identified by ``locator``.</doc>
<arguments>
<arg>//div[@class='main-content']//div[2]//div[1]//div[1]//a[1]//div[1]//b[1]</arg>
</arguments>
<msg timestamp="20200515 13:51:59.137" level="INFO">Clicking element '//div[@class='main-content']//div[2]//div[1]//div[1]//a[1]//div[1]//b[1]'.</msg>
<status status="PASS" starttime="20200515 13:51:59.135" endtime="20200515 13:51:59.407"></status>
</kw>
<kw name="Click Element" library="SeleniumLibrary">
<doc>Click the element identified by ``locator``.</doc>
<arguments>
<arg>//div[contains(text(),'ANNUAL_CTC')]</arg>
</arguments>
<msg timestamp="20200515 13:51:59.410" level="INFO">Clicking element '//div[contains(text(),'ANNUAL_CTC')]'.</msg>
<status status="PASS" starttime="20200515 13:51:59.408" endtime="20200515 13:51:59.568"></status>
</kw>
<status status="PASS" starttime="20200515 13:51:57.131" endtime="20200515 13:51:59.569"></status>
</kw>
<kw name="TC_05_Enter the Goal % and verify the Current Salary, Revised Salary and Total Employee Count" library="Salary Increment">
<kw name="Sleep" library="BuiltIn">
<doc>Pauses the test executed for the given time.</doc>
<arguments>
<arg>2s</arg>
</arguments>
<msg timestamp="20200515 13:52:01.572" level="INFO">Slept 2 seconds</msg>
<status status="PASS" starttime="20200515 13:51:59.570" endtime="20200515 13:52:01.573"></status>
</kw>
<kw name="Input Text" library="SeleniumLibrary">
<doc>Types the given ``text`` into the text field identified by ``locator``.</doc>
<arguments>
<arg>//input[@type='number']</arg>
<arg>10.5</arg>
</arguments>
<msg timestamp="20200515 13:52:01.577" level="INFO">Typing text '10.5' into text field '//input[@type='number']'.</msg>
<status status="PASS" starttime="20200515 13:52:01.575" endtime="20200515 13:52:01.806"></status>
</kw>
<kw name="Get Text" library="SeleniumLibrary">
<doc>Returns the text value of the element identified by ``locator``.</doc>
<arguments>
<arg>${CurrentSalary}</arg>
</arguments>
<assign>
<var>${CS}</var>
</assign>
<msg timestamp="20200515 13:52:01.844" level="INFO">${CS} = Current Salary Amount</msg>
<status status="PASS" starttime="20200515 13:52:01.806" endtime="20200515 13:52:01.845"></status>
</kw>
<kw name="Get Text" library="SeleniumLibrary">
<doc>Returns the text value of the element identified by ``locator``.</doc>
<arguments>
<arg>${CurrentSalaryAmount}</arg>
</arguments>
<assign>
<var>${CSA}</var>
</assign>
<msg timestamp="20200515 13:52:01.878" level="INFO">${CSA} = 5,66,36,781.00</msg>
<status status="PASS" starttime="20200515 13:52:01.845" endtime="20200515 13:52:01.878"></status>
</kw>
<kw name="Get Text" library="SeleniumLibrary">
<doc>Returns the text value of the element identified by ``locator``.</doc>
<arguments>
<arg>${RevisedSalary}</arg>
</arguments>
<assign>
<var>${RS}</var>
</assign>
<msg timestamp="20200515 13:52:01.909" level="INFO">${RS} = Revised Salary Amount</msg>
<status status="PASS" starttime="20200515 13:52:01.878" endtime="20200515 13:52:01.909"></status>
</kw>
<kw name="Get Text" library="SeleniumLibrary">
<doc>Returns the text value of the element identified by ``locator``.</doc>
<arguments>
<arg>${RevisedSalaryAmount}</arg>
</arguments>
<assign>
<var>${RSA}</var>
</assign>
<msg timestamp="20200515 13:52:01.940" level="INFO">${RSA} = 6,25,83,643.00</msg>
<status status="PASS" starttime="20200515 13:52:01.909" endtime="20200515 13:52:01.940"></status>
</kw>
<kw name="Get Text" library="SeleniumLibrary">
<doc>Returns the text value of the element identified by ``locator``.</doc>
<arguments>
<arg>${TotalEmployeeCount}</arg>
</arguments>
<assign>
<var>${TEC}</var>
</assign>
<msg timestamp="20200515 13:52:01.970" level="INFO">${TEC} = Total Employee Count</msg>
<status status="PASS" starttime="20200515 13:52:01.940" endtime="20200515 13:52:01.970"></status>
</kw>
<kw name="Get Text" library="SeleniumLibrary">
<doc>Returns the text value of the element identified by ``locator``.</doc>
<arguments>
<arg>${EmployeeCount}</arg>
</arguments>
<assign>
<var>${EC}</var>
</assign>
<msg timestamp="20200515 13:52:02.003" level="INFO">${EC} = 40</msg>
<status status="PASS" starttime="20200515 13:52:01.970" endtime="20200515 13:52:02.003"></status>
</kw>
<kw name="Get Text" library="SeleniumLibrary">
<doc>Returns the text value of the element identified by ``locator``.</doc>
<arguments>
<arg>${Goal}</arg>
</arguments>
<assign>
<var>${G}</var>
</assign>
<msg timestamp="20200515 13:52:02.033" level="INFO">${G} = Goal Amount</msg>
<status status="PASS" starttime="20200515 13:52:02.004" endtime="20200515 13:52:02.033"></status>
</kw>
<kw name="Get Text" library="SeleniumLibrary">
<doc>Returns the text value of the element identified by ``locator``.</doc>
<arguments>
<arg>${GoalAmount}</arg>
</arguments>
<assign>
<var>${GA}</var>
</assign>
<msg timestamp="20200515 13:52:02.066" level="INFO">${GA} = 59,46,862.00</msg>
<status status="PASS" starttime="20200515 13:52:02.034" endtime="20200515 13:52:02.067"></status>
</kw>
<kw name="Sleep" library="BuiltIn">
<doc>Pauses the test executed for the given time.</doc>
<arguments>
<arg>2s</arg>
</arguments>
<msg timestamp="20200515 13:52:04.067" level="INFO">Slept 2 seconds</msg>
<status status="PASS" starttime="20200515 13:52:02.067" endtime="20200515 13:52:04.067"></status>
</kw>
<kw name="Log To Console" library="BuiltIn">
<doc>Logs the given message to the console.</doc>
<arguments>
<arg>${CS} is ${CSA}</arg>
</arguments>
<status status="PASS" starttime="20200515 13:52:04.068" endtime="20200515 13:52:04.070"></status>
</kw>
<kw name="Log To Console" library="BuiltIn">
<doc>Logs the given message to the console.</doc>
<arguments>
<arg>${RS} is ${RSA}</arg>
</arguments>
<status status="PASS" starttime="20200515 13:52:04.071" endtime="20200515 13:52:04.072"></status>
</kw>
<kw name="Log To Console" library="BuiltIn">
<doc>Logs the given message to the console.</doc>
<arguments>
<arg>${TEC}is ${EC}</arg>
</arguments>
<status status="PASS" starttime="20200515 13:52:04.073" endtime="20200515 13:52:04.074"></status>
</kw>
<kw name="Log To Console" library="BuiltIn">
<doc>Logs the given message to the console.</doc>
<arguments>
<arg>${G} is ${GA}</arg>
</arguments>
<status status="PASS" starttime="20200515 13:52:04.075" endtime="20200515 13:52:04.077"></status>
</kw>
<kw name="Click Element" library="SeleniumLibrary">
<doc>Click the element identified by ``locator``.</doc>
<arguments>
<arg>//button[contains(text(),'Next')]</arg>
</arguments>
<msg timestamp="20200515 13:52:04.079" level="INFO">Clicking element '//button[contains(text(),'Next')]'.</msg>
<status status="PASS" starttime="20200515 13:52:04.078" endtime="20200515 13:52:04.263"></status>
</kw>
<status status="PASS" starttime="20200515 13:51:59.569" endtime="20200515 13:52:04.264"></status>
</kw>
<kw name="TC_06_Verify the Band Frequency and change the Band Value" library="Salary Increment">
<kw name="Sleep" library="BuiltIn">
<doc>Pauses the test executed for the given time.</doc>
<arguments>
<arg>2s</arg>
</arguments>
<msg timestamp="20200515 13:52:06.267" level="INFO">Slept 2 seconds</msg>
<status status="PASS" starttime="20200515 13:52:04.266" endtime="20200515 13:52:06.267"></status>
</kw>
<kw name="Input Text" library="SeleniumLibrary">
<doc>Types the given ``text`` into the text field identified by ``locator``.</doc>
<arguments>
<arg>//input[@placeholder='Frequency']</arg>
<arg>60000</arg>
</arguments>
<msg timestamp="20200515 13:52:06.270" level="INFO">Typing text '60000' into text field '//input[@placeholder='Frequency']'.</msg>
<status status="PASS" starttime="20200515 13:52:06.268" endtime="20200515 13:52:06.595"></status>
</kw>
<status status="PASS" starttime="20200515 13:52:04.264" endtime="20200515 13:52:06.596"></status>
</kw>
<kw name="TC_07_Verify the Goal Summary, Actual Amount and Variations" library="Salary Increment">
<kw name="Sleep" library="BuiltIn">
<doc>Pauses the test executed for the given time.</doc>
<arguments>
<arg>2s</arg>
</arguments>
<msg timestamp="20200515 13:52:08.599" level="INFO">Slept 2 seconds</msg>
<status status="PASS" starttime="20200515 13:52:06.597" endtime="20200515 13:52:08.600"></status>
</kw>
<kw name="Scroll Page To Location" library="Revision Planner Keywords">
<arguments>
<arg>0</arg>
<arg>2000</arg>
</arguments>
<kw name="Execute Javascript" library="SeleniumLibrary">
<doc>Executes the given JavaScript code with possible arguments.</doc>
<arguments>
<arg>window.scrollTo(${x_location},${y_location})</arg>
</arguments>
<msg timestamp="20200515 13:52:08.605" level="INFO">Executing JavaScript:
window.scrollTo(0,2000)
Without any arguments.</msg>
<status status="PASS" starttime="20200515 13:52:08.603" endtime="20200515 13:52:08.662"></status>
</kw>
<status status="PASS" starttime="20200515 13:52:08.601" endtime="20200515 13:52:08.662"></status>
</kw>
<kw name="Sleep" library="BuiltIn">
<doc>Pauses the test executed for the given time.</doc>
<arguments>
<arg>2s</arg>
</arguments>
<msg timestamp="20200515 13:52:10.665" level="INFO">Slept 2 seconds</msg>
<status status="PASS" starttime="20200515 13:52:08.663" endtime="20200515 13:52:10.666"></status>
</kw>
<kw name="Get Text" library="SeleniumLibrary">
<doc>Returns the text value of the element identified by ``locator``.</doc>
<arguments>
<arg>${Goal%}</arg>
</arguments>
<assign>
<var>${GP}</var>
</assign>
<msg timestamp="20200515 13:52:10.724" level="INFO">${GP} = Goal %</msg>
<status status="PASS" starttime="20200515 13:52:10.667" endtime="20200515 13:52:10.724"></status>
</kw>
<kw name="Get Text" library="SeleniumLibrary">
<doc>Returns the text value of the element identified by ``locator``.</doc>
<arguments>
<arg>${GoalPercentage}</arg>
</arguments>
<assign>
<var>${GPV}</var>
</assign>
<msg timestamp="20200515 13:52:10.756" level="INFO">${GPV} = 10.50 %</msg>
<status status="PASS" starttime="20200515 13:52:10.725" endtime="20200515 13:52:10.756"></status>
</kw>
<kw name="Get Text" library="SeleniumLibrary">
<doc>Returns the text value of the element identified by ``locator``.</doc>
<arguments>
<arg>${Goalamt}</arg>
</arguments>
<assign>
<var>${GA}</var>
</assign>
<msg timestamp="20200515 13:52:10.786" level="INFO">${GA} = Goal amount</msg>
<status status="PASS" starttime="20200515 13:52:10.756" endtime="20200515 13:52:10.786"></status>
</kw>
<kw name="Get Text" library="SeleniumLibrary">
<doc>Returns the text value of the element identified by ``locator``.</doc>
<arguments>
<arg>${GoalAmt}</arg>
</arguments>
<assign>
<var>${GAV}</var>
</assign>
<msg timestamp="20200515 13:52:10.805" level="INFO">${GAV} = Goal amount</msg>
<status status="PASS" starttime="20200515 13:52:10.786" endtime="20200515 13:52:10.805"></status>
</kw>
<kw name="Get Text" library="SeleniumLibrary">
<doc>Returns the text value of the element identified by ``locator``.</doc>
<arguments>
<arg>${Actual%}</arg>
</arguments>
<assign>
<var>${AP}</var>
</assign>
<msg timestamp="20200515 13:52:10.836" level="INFO">${AP} = Actual %</msg>
<status status="PASS" starttime="20200515 13:52:10.805" endtime="20200515 13:52:10.836"></status>
</kw>
<kw name="Get Text" library="SeleniumLibrary">
<doc>Returns the text value of the element identified by ``locator``.</doc>
<arguments>
<arg>${ActualPercentage}</arg>
</arguments>
<assign>
<var>${APV}</var>
</assign>
<msg timestamp="20200515 13:52:10.870" level="INFO">${APV} = 10.50 %</msg>
<status status="PASS" starttime="20200515 13:52:10.837" endtime="20200515 13:52:10.870"></status>
</kw>
<kw name="Get Text" library="SeleniumLibrary">
<doc>Returns the text value of the element identified by ``locator``.</doc>
<arguments>
<arg>${Actual}</arg>
</arguments>
<assign>
<var>${AM}</var>
</assign>
<msg timestamp="20200515 13:52:10.900" level="INFO">${AM} = Actual amount</msg>
<status status="PASS" starttime="20200515 13:52:10.870" endtime="20200515 13:52:10.900"></status>
</kw>
<kw name="Get Text" library="SeleniumLibrary">
<doc>Returns the text value of the element identified by ``locator``.</doc>
<arguments>
<arg>${ActualAmount}</arg>
</arguments>
<assign>
<var>${AMV}</var>
</assign>
<msg timestamp="20200515 13:52:10.931" level="INFO">${AMV} = 59,46,862.00</msg>
<status status="PASS" starttime="20200515 13:52:10.900" endtime="20200515 13:52:10.931"></status>
</kw>
<kw name="Get Text" library="SeleniumLibrary">
<doc>Returns the text value of the element identified by ``locator``.</doc>
<arguments>
<arg>${Variation%}</arg>
</arguments>
<assign>
<var>${VP}</var>
</assign>
<msg timestamp="20200515 13:52:10.960" level="INFO">${VP} = Variation %</msg>
<status status="PASS" starttime="20200515 13:52:10.931" endtime="20200515 13:52:10.960"></status>
</kw>
<kw name="Get Text" library="SeleniumLibrary">
<doc>Returns the text value of the element identified by ``locator``.</doc>
<arguments>
<arg>${VariationPercentage}</arg>
</arguments>
<assign>
<var>${VPV}</var>
</assign>
<msg timestamp="20200515 13:52:10.991" level="INFO">${VPV} = 0.00 %</msg>
<status status="PASS" starttime="20200515 13:52:10.960" endtime="20200515 13:52:10.991"></status>
</kw>
<kw name="Get Text" library="SeleniumLibrary">
<doc>Returns the text value of the element identified by ``locator``.</doc>
<arguments>
<arg>${Variation}</arg>
</arguments>
<assign>
<var>${VM}</var>
</assign>
<msg timestamp="20200515 13:52:11.023" level="INFO">${VM} = Variation amount</msg>
<status status="PASS" starttime="20200515 13:52:10.992" endtime="20200515 13:52:11.023"></status>
</kw>
<kw name="Get Text" library="SeleniumLibrary">
<doc>Returns the text value of the element identified by ``locator``.</doc>
<arguments>
<arg>${VariationAmount}</arg>
</arguments>
<assign>
<var>${VMV}</var>
</assign>
<msg timestamp="20200515 13:52:11.055" level="INFO">${VMV} = 0.00</msg>
<status status="PASS" starttime="20200515 13:52:11.024" endtime="20200515 13:52:11.056"></status>
</kw>
<kw name="Sleep" library="BuiltIn">
<doc>Pauses the test executed for the given time.</doc>
<arguments>
<arg>2s</arg>
</arguments>
<msg timestamp="20200515 13:52:13.058" level="INFO">Slept 2 seconds</msg>
<status status="PASS" starttime="20200515 13:52:11.056" endtime="20200515 13:52:13.059"></status>
</kw>
<kw name="Log To Console" library="BuiltIn">
<doc>Logs the given message to the console.</doc>
<arguments>
<arg>${GP} is ${GPV}</arg>
</arguments>
<status status="PASS" starttime="20200515 13:52:13.060" endtime="20200515 13:52:13.062"></status>
</kw>
<kw name="Log To Console" library="BuiltIn">
<doc>Logs the given message to the console.</doc>
<arguments>
<arg>${GA} is ${GAV}</arg>
</arguments>
<status status="PASS" starttime="20200515 13:52:13.062" endtime="20200515 13:52:13.064"></status>
</kw>
<kw name="Log To Console" library="BuiltIn">
<doc>Logs the given message to the console.</doc>
<arguments>
<arg>${AP} is ${APV}</arg>
</arguments>
<status status="PASS" starttime="20200515 13:52:13.065" endtime="20200515 13:52:13.066"></status>
</kw>
<kw name="Log To Console" library="BuiltIn">
<doc>Logs the given message to the console.</doc>
<arguments>
<arg>${AM} is ${AMV}</arg>
</arguments>
<status status="PASS" starttime="20200515 13:52:13.067" endtime="20200515 13:52:13.068"></status>
</kw>
<kw name="Log To Console" library="BuiltIn">
<doc>Logs the given message to the console.</doc>
<arguments>
<arg>${VP} is ${VPV}</arg>
</arguments>
<status status="PASS" starttime="20200515 13:52:13.069" endtime="20200515 13:52:13.070"></status>
</kw>
<kw name="Log To Console" library="BuiltIn">
<doc>Logs the given message to the console.</doc>
<arguments>
<arg>${VM} is ${VMV}</arg>
</arguments>
<status status="PASS" starttime="20200515 13:52:13.070" endtime="20200515 13:52:13.071"></status>
</kw>
<status status="PASS" starttime="20200515 13:52:06.596" endtime="20200515 13:52:13.072"></status>
</kw>
<kw name="TC_08_Complete the Setup Analysis" library="Salary Increment">
<kw name="Sleep" library="BuiltIn">
<doc>Pauses the test executed for the given time.</doc>
<arguments>
<arg>2s</arg>
</arguments>
<msg timestamp="20200515 13:52:15.076" level="INFO">Slept 2 seconds</msg>
<status status="PASS" starttime="20200515 13:52:13.074" endtime="20200515 13:52:15.076"></status>
</kw>
<kw name="Click Element" library="SeleniumLibrary">
<doc>Click the element identified by ``locator``.</doc>
<arguments>
<arg>//button[contains(text(),'Finish')]</arg>
</arguments>
<msg timestamp="20200515 13:52:15.077" level="INFO">Clicking element '//button[contains(text(),'Finish')]'.</msg>
<status status="PASS" starttime="20200515 13:52:15.077" endtime="20200515 13:52:15.248"></status>
</kw>
<kw name="Click Element" library="SeleniumLibrary">
<doc>Click the element identified by ``locator``.</doc>
<arguments>
<arg>//button[contains(text(),'Export Excel')]</arg>
</arguments>
<msg timestamp="20200515 13:52:15.250" level="INFO">Clicking element '//button[contains(text(),'Export Excel')]'.</msg>
<status status="PASS" starttime="20200515 13:52:15.249" endtime="20200515 13:52:16.768"></status>
</kw>
<kw name="Sleep" library="BuiltIn">
<doc>Pauses the test executed for the given time.</doc>
<arguments>
<arg>5s</arg>
</arguments>
<msg timestamp="20200515 13:52:21.770" level="INFO">Slept 5 seconds</msg>
<status status="PASS" starttime="20200515 13:52:16.768" endtime="20200515 13:52:21.770"></status>
</kw>
<kw name="Click Element" library="SeleniumLibrary">
<doc>Click the element identified by ``locator``.</doc>
<arguments>
<arg>//button[@class='btn summary-btn-close ng-scope']</arg>
</arguments>
<msg timestamp="20200515 13:52:21.773" level="INFO">Clicking element '//button[@class='btn summary-btn-close ng-scope']'.</msg>
<status status="PASS" starttime="20200515 13:52:21.772" endtime="20200515 13:52:21.998"></status>
</kw>
<kw name="Sleep" library="BuiltIn">
<doc>Pauses the test executed for the given time.</doc>
<arguments>
<arg>2s</arg>
</arguments>
<msg timestamp="20200515 13:52:24.000" level="INFO">Slept 2 seconds</msg>
<status status="PASS" starttime="20200515 13:52:21.998" endtime="20200515 13:52:24.001"></status>
</kw>
<status status="PASS" starttime="20200515 13:52:13.073" endtime="20200515 13:52:24.002"></status>
</kw>
<kw name="TC_09_Edit the Analysis and change the CTC Salary Item, Goal% and Download the excel file" library="Salary Increment">
<kw name="Sleep" library="BuiltIn">
<doc>Pauses the test executed for the given time.</doc>
<arguments>
<arg>2s</arg>
</arguments>
<msg timestamp="20200515 13:52:26.007" level="INFO">Slept 2 seconds</msg>
<status status="PASS" starttime="20200515 13:52:24.006" endtime="20200515 13:52:26.008"></status>
</kw>
<kw name="Click Element" library="SeleniumLibrary">
<doc>Click the element identified by ``locator``.</doc>
<arguments>
<arg>//span[1]//div[1]//table[1]//tbody[1]//tr[1]//td[1]//div[1]//span[2]//i[1]</arg>
</arguments>
<msg timestamp="20200515 13:52:26.011" level="INFO">Clicking element '//span[1]//div[1]//table[1]//tbody[1]//tr[1]//td[1]//div[1]//span[2]//i[1]'.</msg>
<status status="PASS" starttime="20200515 13:52:26.009" endtime="20200515 13:52:26.127"></status>
</kw>
<kw name="Sleep" library="BuiltIn">
<doc>Pauses the test executed for the given time.</doc>
<arguments>
<arg>2s</arg>
</arguments>
<msg timestamp="20200515 13:52:28.128" level="INFO">Slept 2 seconds</msg>
<status status="PASS" starttime="20200515 13:52:26.128" endtime="20200515 13:52:28.128"></status>
</kw>
<kw name="Click Element" library="SeleniumLibrary">
<doc>Click the element identified by ``locator``.</doc>
<arguments>
<arg>//div[@class='main-content']//div[2]//div[1]//div[1]//a[1]//div[1]//b[1]</arg>
</arguments>
<msg timestamp="20200515 13:52:28.131" level="INFO">Clicking element '//div[@class='main-content']//div[2]//div[1]//div[1]//a[1]//div[1]//b[1]'.</msg>
<status status="PASS" starttime="20200515 13:52:28.129" endtime="20200515 13:52:28.440"></status>
</kw>
<kw name="Click Element" library="SeleniumLibrary">
<doc>Click the element identified by ``locator``.</doc>
<arguments>
<arg>//div[contains(text(),'LY_CTC')]</arg>
</arguments>
<msg timestamp="20200515 13:52:28.442" level="INFO">Clicking element '//div[contains(text(),'LY_CTC')]'.</msg>
<status status="PASS" starttime="20200515 13:52:28.441" endtime="20200515 13:52:28.629"></status>
</kw>
<kw name="Sleep" library="BuiltIn">
<doc>Pauses the test executed for the given time.</doc>
<arguments>
<arg>2s</arg>
</arguments>
<msg timestamp="20200515 13:52:30.631" level="INFO">Slept 2 seconds</msg>
<status status="PASS" starttime="20200515 13:52:28.629" endtime="20200515 13:52:30.631"></status>
</kw>
<kw name="Input Text" library="SeleniumLibrary">
<doc>Types the given ``text`` into the text field identified by ``locator``.</doc>
<arguments>
<arg>//input[@type='number']</arg>
<arg>20.2</arg>
</arguments>
<msg timestamp="20200515 13:52:30.635" level="INFO">Typing text '20.2' into text field '//input[@type='number']'.</msg>
<status status="PASS" starttime="20200515 13:52:30.633" endtime="20200515 13:52:30.975"></status>
</kw>
<kw name="Get Text" library="SeleniumLibrary">
<doc>Returns the text value of the element identified by ``locator``.</doc>
<arguments>
<arg>${CurrentSalary}</arg>
</arguments>
<assign>
<var>${CS}</var>
</assign>
<msg timestamp="20200515 13:52:31.010" level="INFO">${CS} = Current Salary Amount</msg>
<status status="PASS" starttime="20200515 13:52:30.975" endtime="20200515 13:52:31.010"></status>
</kw>
<kw name="Get Text" library="SeleniumLibrary">
<doc>Returns the text value of the element identified by ``locator``.</doc>
<arguments>
<arg>${CurrentSalaryAmount}</arg>
</arguments>
<assign>
<var>${CSA}</var>
</assign>
<msg timestamp="20200515 13:52:31.047" level="INFO">${CSA} = 47,19,731.00</msg>
<status status="PASS" starttime="20200515 13:52:31.011" endtime="20200515 13:52:31.047"></status>
</kw>
<kw name="Get Text" library="SeleniumLibrary">
<doc>Returns the text value of the element identified by ``locator``.</doc>
<arguments>
<arg>${RevisedSalary}</arg>
</arguments>
<assign>
<var>${RS}</var>
</assign>
<msg timestamp="20200515 13:52:31.081" level="INFO">${RS} = Revised Salary Amount</msg>
<status status="PASS" starttime="20200515 13:52:31.048" endtime="20200515 13:52:31.081"></status>
</kw>
<kw name="Get Text" library="SeleniumLibrary">
<doc>Returns the text value of the element identified by ``locator``.</doc>
<arguments>
<arg>${RevisedSalaryAmount}</arg>
</arguments>
<assign>
<var>${RSA}</var>
</assign>
<msg timestamp="20200515 13:52:31.115" level="INFO">${RSA} = 56,73,117.00</msg>
<status status="PASS" starttime="20200515 13:52:31.082" endtime="20200515 13:52:31.115"></status>
</kw>
<kw name="Get Text" library="SeleniumLibrary">
<doc>Returns the text value of the element identified by ``locator``.</doc>
<arguments>
<arg>${TotalEmployeeCount}</arg>
</arguments>
<assign>
<var>${TEC}</var>
</assign>
<msg timestamp="20200515 13:52:31.149" level="INFO">${TEC} = Total Employee Count</msg>
<status status="PASS" starttime="20200515 13:52:31.116" endtime="20200515 13:52:31.149"></status>
</kw>
<kw name="Get Text" library="SeleniumLibrary">
<doc>Returns the text value of the element identified by ``locator``.</doc>
<arguments>
<arg>${EmployeeCount}</arg>
</arguments>
<assign>
<var>${EC}</var>
</assign>
<msg timestamp="20200515 13:52:31.182" level="INFO">${EC} = 40</msg>
<status status="PASS" starttime="20200515 13:52:31.150" endtime="20200515 13:52:31.182"></status>
</kw>
<kw name="Get Text" library="SeleniumLibrary">
<doc>Returns the text value of the element identified by ``locator``.</doc>
<arguments>
<arg>${Goal}</arg>
</arguments>
<assign>
<var>${G}</var>
</assign>
<msg timestamp="20200515 13:52:31.217" level="INFO">${G} = Goal Amount</msg>
<status status="PASS" starttime="20200515 13:52:31.183" endtime="20200515 13:52:31.218"></status>
</kw>
<kw name="Get Text" library="SeleniumLibrary">
<doc>Returns the text value of the element identified by ``locator``.</doc>
<arguments>
<arg>${GoalAmount}</arg>
</arguments>
<assign>
<var>${GA}</var>
</assign>
<msg timestamp="20200515 13:52:31.252" level="INFO">${GA} = 9,53,386.00</msg>
<status status="PASS" starttime="20200515 13:52:31.218" endtime="20200515 13:52:31.252"></status>
</kw>
<kw name="Sleep" library="BuiltIn">
<doc>Pauses the test executed for the given time.</doc>
<arguments>
<arg>2s</arg>
</arguments>
<msg timestamp="20200515 13:52:33.255" level="INFO">Slept 2 seconds</msg>
<status status="PASS" starttime="20200515 13:52:31.253" endtime="20200515 13:52:33.255"></status>
</kw>
<kw name="Log To Console" library="BuiltIn">
<doc>Logs the given message to the console.</doc>
<arguments>
<arg>${CS} is ${CSA}</arg>
</arguments>
<status status="PASS" starttime="20200515 13:52:33.256" endtime="20200515 13:52:33.258"></status>
</kw>
<kw name="Log To Console" library="BuiltIn">
<doc>Logs the given message to the console.</doc>
<arguments>
<arg>${RS} is ${RSA}</arg>
</arguments>
<status status="PASS" starttime="20200515 13:52:33.259" endtime="20200515 13:52:33.260"></status>
</kw>
<kw name="Log To Console" library="BuiltIn">
<doc>Logs the given message to the console.</doc>
<arguments>
<arg>${TEC}is ${EC}</arg>
</arguments>
<status status="PASS" starttime="20200515 13:52:33.261" endtime="20200515 13:52:33.262"></status>
</kw>
<kw name="Log To Console" library="BuiltIn">
<doc>Logs the given message to the console.</doc>
<arguments>
<arg>${G} is ${GA}</arg>
</arguments>
<status status="PASS" starttime="20200515 13:52:33.263" endtime="20200515 13:52:33.265"></status>
</kw>
<kw name="Click Element" library="SeleniumLibrary">
<doc>Click the element identified by ``locator``.</doc>
<arguments>
<arg>//button[contains(text(),'Next')]</arg>
</arguments>
<msg timestamp="20200515 13:52:33.266" level="INFO">Clicking element '//button[contains(text(),'Next')]'.</msg>
<status status="PASS" starttime="20200515 13:52:33.266" endtime="20200515 13:52:33.415"></status>
</kw>
<kw name="Sleep" library="BuiltIn">
<doc>Pauses the test executed for the given time.</doc>
<arguments>
<arg>2s</arg>
</arguments>
<msg timestamp="20200515 13:52:35.417" level="INFO">Slept 2 seconds</msg>
<status status="PASS" starttime="20200515 13:52:33.416" endtime="20200515 13:52:35.418"></status>
</kw>
<kw name="Input Text" library="SeleniumLibrary">
<doc>Types the given ``text`` into the text field identified by ``locator``.</doc>
<arguments>
<arg>//input[@placeholder='Frequency']</arg>
<arg>20000</arg>
</arguments>
<msg timestamp="20200515 13:52:35.420" level="INFO">Typing text '20000' into text field '//input[@placeholder='Frequency']'.</msg>
<status status="PASS" starttime="20200515 13:52:35.418" endtime="20200515 13:52:35.740"></status>
</kw>
<kw name="Sleep" library="BuiltIn">
<doc>Pauses the test executed for the given time.</doc>
<arguments>
<arg>2s</arg>
</arguments>
<msg timestamp="20200515 13:52:37.744" level="INFO">Slept 2 seconds</msg>
<status status="PASS" starttime="20200515 13:52:35.741" endtime="20200515 13:52:37.745"></status>
</kw>
<kw name="Scroll Page To Location" library="Revision Planner Keywords">
<arguments>
<arg>0</arg>
<arg>2000</arg>
</arguments>
<kw name="Execute Javascript" library="SeleniumLibrary">
<doc>Executes the given JavaScript code with possible arguments.</doc>
<arguments>
<arg>window.scrollTo(${x_location},${y_location})</arg>
</arguments>
<msg timestamp="20200515 13:52:37.751" level="INFO">Executing JavaScript:
window.scrollTo(0,2000)
Without any arguments.</msg>
<status status="PASS" starttime="20200515 13:52:37.749" endtime="20200515 13:52:37.809"></status>
</kw>
<status status="PASS" starttime="20200515 13:52:37.746" endtime="20200515 13:52:37.809"></status>
</kw>
<kw name="Sleep" library="BuiltIn">
<doc>Pauses the test executed for the given time.</doc>
<arguments>
<arg>2s</arg>
</arguments>
<msg timestamp="20200515 13:52:39.813" level="INFO">Slept 2 seconds</msg>
<status status="PASS" starttime="20200515 13:52:37.810" endtime="20200515 13:52:39.813"></status>
</kw>
<kw name="Get Text" library="SeleniumLibrary">
<doc>Returns the text value of the element identified by ``locator``.</doc>
<arguments>
<arg>${Goal%}</arg>
</arguments>
<assign>
<var>${GP}</var>
</assign>
<msg timestamp="20200515 13:52:39.877" level="INFO">${GP} = Goal %</msg>
<status status="PASS" starttime="20200515 13:52:39.814" endtime="20200515 13:52:39.878"></status>
</kw>
<kw name="Get Text" library="SeleniumLibrary">
<doc>Returns the text value of the element identified by ``locator``.</doc>
<arguments>
<arg>${GoalPercentage}</arg>
</arguments>
<assign>
<var>${GPV}</var>
</assign>
<msg timestamp="20200515 13:52:39.910" level="INFO">${GPV} = 20.20 %</msg>
<status status="PASS" starttime="20200515 13:52:39.878" endtime="20200515 13:52:39.910"></status>
</kw>
<kw name="Get Text" library="SeleniumLibrary">
<doc>Returns the text value of the element identified by ``locator``.</doc>
<arguments>
<arg>${Goalamt}</arg>
</arguments>
<assign>
<var>${GA}</var>
</assign>
<msg timestamp="20200515 13:52:39.940" level="INFO">${GA} = Goal amount</msg>
<status status="PASS" starttime="20200515 13:52:39.911" endtime="20200515 13:52:39.940"></status>
</kw>
<kw name="Get Text" library="SeleniumLibrary">
<doc>Returns the text value of the element identified by ``locator``.</doc>
<arguments>
<arg>${GoalAmt}</arg>
</arguments>
<assign>
<var>${GAV}</var>
</assign>
<msg timestamp="20200515 13:52:39.960" level="INFO">${GAV} = Goal amount</msg>
<status status="PASS" starttime="20200515 13:52:39.940" endtime="20200515 13:52:39.960"></status>
</kw>
<kw name="Get Text" library="SeleniumLibrary">
<doc>Returns the text value of the element identified by ``locator``.</doc>
<arguments>
<arg>${Actual%}</arg>
</arguments>
<assign>
<var>${AP}</var>
</assign>
<msg timestamp="20200515 13:52:39.993" level="INFO">${AP} = Actual %</msg>
<status status="PASS" starttime="20200515 13:52:39.960" endtime="20200515 13:52:39.994"></status>
</kw>
<kw name="Get Text" library="SeleniumLibrary">
<doc>Returns the text value of the element identified by ``locator``.</doc>
<arguments>
<arg>${ActualPercentage}</arg>
</arguments>
<assign>
<var>${APV}</var>
</assign>
<msg timestamp="20200515 13:52:40.026" level="INFO">${APV} = 20.20 %</msg>
<status status="PASS" starttime="20200515 13:52:39.994" endtime="20200515 13:52:40.027"></status>
</kw>
<kw name="Get Text" library="SeleniumLibrary">
<doc>Returns the text value of the element identified by ``locator``.</doc>
<arguments>
<arg>${Actual}</arg>
</arguments>
<assign>
<var>${AM}</var>
</assign>
<msg timestamp="20200515 13:52:40.058" level="INFO">${AM} = Actual amount</msg>
<status status="PASS" starttime="20200515 13:52:40.027" endtime="20200515 13:52:40.058"></status>
</kw>
<kw name="Get Text" library="SeleniumLibrary">
<doc>Returns the text value of the element identified by ``locator``.</doc>
<arguments>
<arg>${ActualAmount}</arg>
</arguments>
<assign>
<var>${AMV}</var>
</assign>
<msg timestamp="20200515 13:52:40.089" level="INFO">${AMV} = 9,53,386.00</msg>
<status status="PASS" starttime="20200515 13:52:40.059" endtime="20200515 13:52:40.090"></status>
</kw>
<kw name="Get Text" library="SeleniumLibrary">
<doc>Returns the text value of the element identified by ``locator``.</doc>
<arguments>
<arg>${Variation%}</arg>
</arguments>
<assign>
<var>${VP}</var>
</assign>
<msg timestamp="20200515 13:52:40.119" level="INFO">${VP} = Variation %</msg>
<status status="PASS" starttime="20200515 13:52:40.090" endtime="20200515 13:52:40.119"></status>
</kw>
<kw name="Get Text" library="SeleniumLibrary">
<doc>Returns the text value of the element identified by ``locator``.</doc>
<arguments>
<arg>${VariationPercentage}</arg>
</arguments>
<assign>
<var>${VPV}</var>
</assign>
<msg timestamp="20200515 13:52:40.151" level="INFO">${VPV} = 0.00 %</msg>
<status status="PASS" starttime="20200515 13:52:40.120" endtime="20200515 13:52:40.151"></status>
</kw>
<kw name="Get Text" library="SeleniumLibrary">
<doc>Returns the text value of the element identified by ``locator``.</doc>
<arguments>
<arg>${Variation}</arg>
</arguments>
<assign>
<var>${VM}</var>
</assign>
<msg timestamp="20200515 13:52:40.184" level="INFO">${VM} = Variation amount</msg>
<status status="PASS" starttime="20200515 13:52:40.152" endtime="20200515 13:52:40.184"></status>
</kw>
<kw name="Get Text" library="SeleniumLibrary">
<doc>Returns the text value of the element identified by ``locator``.</doc>
<arguments>
<arg>${VariationAmount}</arg>
</arguments>
<assign>
<var>${VMV}</var>
</assign>
<msg timestamp="20200515 13:52:40.217" level="INFO">${VMV} = 0.00</msg>
<status status="PASS" starttime="20200515 13:52:40.184" endtime="20200515 13:52:40.217"></status>
</kw>
<kw name="Sleep" library="BuiltIn">
<doc>Pauses the test executed for the given time.</doc>
<arguments>
<arg>2s</arg>
</arguments>
<msg timestamp="20200515 13:52:42.219" level="INFO">Slept 2 seconds</msg>
<status status="PASS" starttime="20200515 13:52:40.217" endtime="20200515 13:52:42.219"></status>
</kw>
<kw name="Log To Console" library="BuiltIn">
<doc>Logs the given message to the console.</doc>
<arguments>
<arg>${GP} is ${GPV}</arg>
</arguments>
<status status="PASS" starttime="20200515 13:52:42.220" endtime="20200515 13:52:42.223"></status>
</kw>
<kw name="Log To Console" library="BuiltIn">
<doc>Logs the given message to the console.</doc>
<arguments>
<arg>${GA} is ${GAV}</arg>
</arguments>
<status status="PASS" starttime="20200515 13:52:42.224" endtime="20200515 13:52:42.225"></status>
</kw>
<kw name="Log To Console" library="BuiltIn">
<doc>Logs the given message to the console.</doc>
<arguments>
<arg>${AP} is ${APV}</arg>
</arguments>
<status status="PASS" starttime="20200515 13:52:42.226" endtime="20200515 13:52:42.227"></status>
</kw>
<kw name="Log To Console" library="BuiltIn">
<doc>Logs the given message to the console.</doc>
<arguments>
<arg>${AM} is ${AMV}</arg>
</arguments>
<status status="PASS" starttime="20200515 13:52:42.228" endtime="20200515 13:52:42.229"></status>
</kw>
<kw name="Log To Console" library="BuiltIn">
<doc>Logs the given message to the console.</doc>
<arguments>
<arg>${VP} is ${VPV}</arg>
</arguments>
<status status="PASS" starttime="20200515 13:52:42.230" endtime="20200515 13:52:42.231"></status>
</kw>
<kw name="Log To Console" library="BuiltIn">
<doc>Logs the given message to the console.</doc>
<arguments>
<arg>${VM} is ${VMV}</arg>
</arguments>
<status status="PASS" starttime="20200515 13:52:42.232" endtime="20200515 13:52:42.233"></status>
</kw>
<kw name="Sleep" library="BuiltIn">
<doc>Pauses the test executed for the given time.</doc>
<arguments>
<arg>2s</arg>
</arguments>
<msg timestamp="20200515 13:52:44.234" level="INFO">Slept 2 seconds</msg>
<status status="PASS" starttime="20200515 13:52:42.233" endtime="20200515 13:52:44.235"></status>
</kw>
<kw name="Click Element" library="SeleniumLibrary">
<doc>Click the element identified by ``locator``.</doc>
<arguments>
<arg>//button[contains(text(),'Finish')]</arg>
</arguments>
<msg timestamp="20200515 13:52:44.237" level="INFO">Clicking element '//button[contains(text(),'Finish')]'.</msg>
<status status="PASS" starttime="20200515 13:52:44.236" endtime="20200515 13:52:44.392"></status>
</kw>
<kw name="Click Element" library="SeleniumLibrary">
<doc>Click the element identified by ``locator``.</doc>
<arguments>
<arg>//button[contains(text(),'Export Excel')]</arg>
</arguments>
<msg timestamp="20200515 13:52:44.394" level="INFO">Clicking element '//button[contains(text(),'Export Excel')]'.</msg>
<status status="PASS" starttime="20200515 13:52:44.392" endtime="20200515 13:52:45.539"></status>
</kw>
<kw name="Sleep" library="BuiltIn">
<doc>Pauses the test executed for the given time.</doc>
<arguments>
<arg>5s</arg>
</arguments>
<msg timestamp="20200515 13:52:50.540" level="INFO">Slept 5 seconds</msg>
<status status="PASS" starttime="20200515 13:52:45.540" endtime="20200515 13:52:50.540"></status>
</kw>
<kw name="Click Element" library="SeleniumLibrary">
<doc>Click the element identified by ``locator``.</doc>
<arguments>
<arg>//button[@class='btn summary-btn-close ng-scope']</arg>
</arguments>
<msg timestamp="20200515 13:52:50.544" level="INFO">Clicking element '//button[@class='btn summary-btn-close ng-scope']'.</msg>
<status status="PASS" starttime="20200515 13:52:50.542" endtime="20200515 13:52:50.735"></status>
</kw>
<kw name="Sleep" library="BuiltIn">
<doc>Pauses the test executed for the given time.</doc>
<arguments>
<arg>2s</arg>
</arguments>
<msg timestamp="20200515 13:52:52.738" level="INFO">Slept 2 seconds</msg>
<status status="PASS" starttime="20200515 13:52:50.736" endtime="20200515 13:52:52.739"></status>
</kw>
<kw name="Click Element" library="SeleniumLibrary">
<doc>Click the element identified by ``locator``.</doc>
<arguments>
<arg>//span[1]//div[1]//table[1]//tbody[1]//tr[1]//td[1]//div[1]//span[2]//i[2]</arg>
</arguments>
<msg timestamp="20200515 13:52:52.741" level="INFO">Clicking element '//span[1]//div[1]//table[1]//tbody[1]//tr[1]//td[1]//div[1]//span[2]//i[2]'.</msg>
<status status="PASS" starttime="20200515 13:52:52.740" endtime="20200515 13:52:52.854"></status>
</kw>
<kw name="Sleep" library="BuiltIn">
<doc>Pauses the test executed for the given time.</doc>
<arguments>
<arg>2s</arg>
</arguments>
<msg timestamp="20200515 13:52:54.854" level="INFO">Slept 2 seconds</msg>
<status status="PASS" starttime="20200515 13:52:52.854" endtime="20200515 13:52:54.855"></status>
</kw>
<status status="PASS" starttime="20200515 13:52:24.003" endtime="20200515 13:52:54.856"></status>
</kw>
<status status="PASS" starttime="20200515 13:51:51.881" endtime="20200515 13:52:54.857" critical="yes"></status>
</test>
<test id="s1-s1-s1-s1-s1-t3" name="Salary Deferment">
<kw name="TC_10_Create New Analysis" library="Salary Deferment">
<kw name="Sleep" library="BuiltIn">
<doc>Pauses the test executed for the given time.</doc>
<arguments>
<arg>2s</arg>
</arguments>
<msg timestamp="20200515 13:52:56.866" level="INFO">Slept 2 seconds</msg>
<status status="PASS" starttime="20200515 13:52:54.865" endtime="20200515 13:52:56.866"></status>
</kw>
<kw name="Click Element" library="SeleniumLibrary">
<doc>Click the element identified by ``locator``.</doc>
<arguments>
<arg>//button[@class='btn btn-primary pull-right']</arg>
</arguments>
<msg timestamp="20200515 13:52:56.869" level="INFO">Clicking element '//button[@class='btn btn-primary pull-right']'.</msg>
<status status="PASS" starttime="20200515 13:52:56.867" endtime="20200515 13:52:56.988"></status>
</kw>
<status status="PASS" starttime="20200515 13:52:54.862" endtime="20200515 13:52:56.989"></status>
</kw>
<kw name="TC_11_Select the Goal as Salary Deferment" library="Salary Deferment">
<kw name="Sleep" library="BuiltIn">
<doc>Pauses the test executed for the given time.</doc>
<arguments>
<arg>2s</arg>
</arguments>
<msg timestamp="20200515 13:52:58.990" level="INFO">Slept 2 seconds</msg>
<status status="PASS" starttime="20200515 13:52:56.990" endtime="20200515 13:52:58.991"></status>
</kw>
<kw name="Click Element" library="SeleniumLibrary">
<doc>Click the element identified by ``locator``.</doc>
<arguments>
<arg>//div[@class='span6']//div[1]//div[1]//div[1]//a[1]//div[1]//b[1]</arg>
</arguments>
<msg timestamp="20200515 13:52:58.994" level="INFO">Clicking element '//div[@class='span6']//div[1]//div[1]//div[1]//a[1]//div[1]//b[1]'.</msg>
<status status="PASS" starttime="20200515 13:52:58.992" endtime="20200515 13:52:59.160"></status>
</kw>
<kw name="Click Element" library="SeleniumLibrary">
<doc>Click the element identified by ``locator``.</doc>
<arguments>
<arg>//div[contains(text(),'Salary Deferment')]</arg>
</arguments>
<msg timestamp="20200515 13:52:59.161" level="INFO">Clicking element '//div[contains(text(),'Salary Deferment')]'.</msg>
<status status="PASS" starttime="20200515 13:52:59.160" endtime="20200515 13:52:59.307"></status>
</kw>
<status status="PASS" starttime="20200515 13:52:56.989" endtime="20200515 13:52:59.308"></status>
</kw>
<kw name="TC_12_Select the CTC Salary Item as Monthly CTC" library="Salary Deferment">
<kw name="Sleep" library="BuiltIn">
<doc>Pauses the test executed for the given time.</doc>
<arguments>
<arg>2s</arg>
</arguments>
<msg timestamp="20200515 13:53:01.310" level="INFO">Slept 2 seconds</msg>
<status status="PASS" starttime="20200515 13:52:59.309" endtime="20200515 13:53:01.310"></status>
</kw>
<kw name="Click Element" library="SeleniumLibrary">
<doc>Click the element identified by ``locator``.</doc>
<arguments>
<arg>//div[@class='main-content']//div[2]//div[1]//div[1]//a[1]//div[1]//b[1]</arg>
</arguments>
<msg timestamp="20200515 13:53:01.313" level="INFO">Clicking element '//div[@class='main-content']//div[2]//div[1]//div[1]//a[1]//div[1]//b[1]'.</msg>
<status status="PASS" starttime="20200515 13:53:01.312" endtime="20200515 13:53:01.563"></status>
</kw>
<kw name="Click Element" library="SeleniumLibrary">
<doc>Click the element identified by ``locator``.</doc>
<arguments>
<arg>//div[contains(text(),'LY_CTC')]</arg>
</arguments>
<msg timestamp="20200515 13:53:01.564" level="INFO">Clicking element '//div[contains(text(),'LY_CTC')]'.</msg>
<status status="PASS" starttime="20200515 13:53:01.563" endtime="20200515 13:53:01.702"></status>
</kw>
<status status="PASS" starttime="20200515 13:52:59.308" endtime="20200515 13:53:01.703"></status>
</kw>
<kw name="TC_13_Enter the Goal % and verify the Current Salary, Revised Salary and Total Employee Count" library="Salary Deferment">
<kw name="Sleep" library="BuiltIn">
<doc>Pauses the test executed for the given time.</doc>
<arguments>
<arg>2s</arg>
</arguments>
<msg timestamp="20200515 13:53:03.704" level="INFO">Slept 2 seconds</msg>
<status status="PASS" starttime="20200515 13:53:01.704" endtime="20200515 13:53:03.704"></status>
</kw>
<kw name="Input Text" library="SeleniumLibrary">
<doc>Types the given ``text`` into the text field identified by ``locator``.</doc>
<arguments>
<arg>//input[@type='number']</arg>
<arg>20</arg>
</arguments>
<msg timestamp="20200515 13:53:03.707" level="INFO">Typing text '20' into text field '//input[@type='number']'.</msg>
<status status="PASS" starttime="20200515 13:53:03.705" endtime="20200515 13:53:03.906"></status>
</kw>
<kw name="Get Text" library="SeleniumLibrary">
<doc>Returns the text value of the element identified by ``locator``.</doc>
<arguments>
<arg>${CurrentSalary}</arg>
</arguments>
<assign>
<var>${CS}</var>
</assign>
<msg timestamp="20200515 13:53:03.942" level="INFO">${CS} = Current Salary Amount</msg>
<status status="PASS" starttime="20200515 13:53:03.906" endtime="20200515 13:53:03.942"></status>
</kw>
<kw name="Get Text" library="SeleniumLibrary">
<doc>Returns the text value of the element identified by ``locator``.</doc>
<arguments>
<arg>${CurrentSalaryAmount}</arg>
</arguments>
<assign>
<var>${CSA}</var>
</assign>
<msg timestamp="20200515 13:53:03.974" level="INFO">${CSA} = 47,19,731.00</msg>
<status status="PASS" starttime="20200515 13:53:03.942" endtime="20200515 13:53:03.974"></status>
</kw>
<kw name="Get Text" library="SeleniumLibrary">
<doc>Returns the text value of the element identified by ``locator``.</doc>
<arguments>
<arg>${RevisedSalary}</arg>
</arguments>
<assign>
<var>${RS}</var>
</assign>
<msg timestamp="20200515 13:53:04.057" level="INFO">${RS} = Revised Salary Amount</msg>
<status status="PASS" starttime="20200515 13:53:03.975" endtime="20200515 13:53:04.057"></status>
</kw>
<kw name="Get Text" library="SeleniumLibrary">
<doc>Returns the text value of the element identified by ``locator``.</doc>
<arguments>
<arg>${RevisedSalaryAmount}</arg>
</arguments>
<assign>
<var>${RSA}</var>
</assign>
<msg timestamp="20200515 13:53:04.097" level="INFO">${RSA} = 37,75,785.00</msg>
<status status="PASS" starttime="20200515 13:53:04.058" endtime="20200515 13:53:04.098"></status>
</kw>
<kw name="Get Text" library="SeleniumLibrary">
<doc>Returns the text value of the element identified by ``locator``.</doc>
<arguments>
<arg>${TotalEmployeeCount}</arg>
</arguments>
<assign>
<var>${TEC}</var>
</assign>
<msg timestamp="20200515 13:53:04.130" level="INFO">${TEC} = Total Employee Count</msg>
<status status="PASS" starttime="20200515 13:53:04.098" endtime="20200515 13:53:04.130"></status>
</kw>
<kw name="Get Text" library="SeleniumLibrary">
<doc>Returns the text value of the element identified by ``locator``.</doc>
<arguments>
<arg>${EmployeeCount}</arg>
</arguments>
<assign>
<var>${EC}</var>
</assign>
<msg timestamp="20200515 13:53:04.162" level="INFO">${EC} = 40</msg>
<status status="PASS" starttime="20200515 13:53:04.130" endtime="20200515 13:53:04.162"></status>
</kw>
<kw name="Get Text" library="SeleniumLibrary">
<doc>Returns the text value of the element identified by ``locator``.</doc>
<arguments>
<arg>${Goal}</arg>
</arguments>
<assign>
<var>${G}</var>
</assign>
<msg timestamp="20200515 13:53:04.199" level="INFO">${G} = Goal Amount</msg>
<status status="PASS" starttime="20200515 13:53:04.162" endtime="20200515 13:53:04.199"></status>
</kw>
<kw name="Get Text" library="SeleniumLibrary">
<doc>Returns the text value of the element identified by ``locator``.</doc>
<arguments>
<arg>${GoalAmount}</arg>
</arguments>
<assign>
<var>${GA}</var>
</assign>
<msg timestamp="20200515 13:53:04.231" level="INFO">${GA} = 9,43,946.00</msg>
<status status="PASS" starttime="20200515 13:53:04.199" endtime="20200515 13:53:04.231"></status>
</kw>
<kw name="Sleep" library="BuiltIn">
<doc>Pauses the test executed for the given time.</doc>
<arguments>
<arg>2s</arg>
</arguments>
<msg timestamp="20200515 13:53:06.233" level="INFO">Slept 2 seconds</msg>
<status status="PASS" starttime="20200515 13:53:04.231" endtime="20200515 13:53:06.233"></status>
</kw>
<kw name="Log To Console" library="BuiltIn">
<doc>Logs the given message to the console.</doc>
<arguments>
<arg>${CS} is ${CSA}</arg>
</arguments>
<status status="PASS" starttime="20200515 13:53:06.234" endtime="20200515 13:53:06.236"></status>
</kw>
<kw name="Log To Console" library="BuiltIn">
<doc>Logs the given message to the console.</doc>
<arguments>
<arg>${RS} is ${RSA}</arg>
</arguments>
<status status="PASS" starttime="20200515 13:53:06.237" endtime="20200515 13:53:06.238"></status>
</kw>
<kw name="Log To Console" library="BuiltIn">
<doc>Logs the given message to the console.</doc>
<arguments>
<arg>${TEC}is ${EC}</arg>
</arguments>
<status status="PASS" starttime="20200515 13:53:06.239" endtime="20200515 13:53:06.240"></status>
</kw>
<kw name="Log To Console" library="BuiltIn">
<doc>Logs the given message to the console.</doc>
<arguments>
<arg>${G} is ${GA}</arg>
</arguments>
<status status="PASS" starttime="20200515 13:53:06.241" endtime="20200515 13:53:06.245"></status>
</kw>
<kw name="Click Element" library="SeleniumLibrary">
<doc>Click the element identified by ``locator``.</doc>
<arguments>
<arg>//button[contains(text(),'Next')]</arg>
</arguments>
<msg timestamp="20200515 13:53:06.248" level="INFO">Clicking element '//button[contains(text(),'Next')]'.</msg>
<status status="PASS" starttime="20200515 13:53:06.246" endtime="20200515 13:53:06.363"></status>
</kw>
<status status="PASS" starttime="20200515 13:53:01.703" endtime="20200515 13:53:06.364"></status>
</kw>
<kw name="TC_14_Verify the Band Frequency and change the Band Value" library="Salary Deferment">
<kw name="Sleep" library="BuiltIn">
<doc>Pauses the test executed for the given time.</doc>
<arguments>
<arg>2s</arg>
</arguments>
<msg timestamp="20200515 13:53:08.367" level="INFO">Slept 2 seconds</msg>
<status status="PASS" starttime="20200515 13:53:06.366" endtime="20200515 13:53:08.367"></status>
</kw>
<kw name="Input Text" library="SeleniumLibrary">
<doc>Types the given ``text`` into the text field identified by ``locator``.</doc>
<arguments>
<arg>//input[@placeholder='Frequency']</arg>
<arg>60000</arg>
</arguments>
<msg timestamp="20200515 13:53:08.370" level="INFO">Typing text '60000' into text field '//input[@placeholder='Frequency']'.</msg>
<status status="PASS" starttime="20200515 13:53:08.368" endtime="20200515 13:53:08.686"></status>
</kw>
<status status="PASS" starttime="20200515 13:53:06.365" endtime="20200515 13:53:08.687"></status>
</kw>
<kw name="TC_15_Verify the Goal Summary, Actual Amount and Variations" library="Salary Deferment">
<kw name="Sleep" library="BuiltIn">
<doc>Pauses the test executed for the given time.</doc>
<arguments>
<arg>2s</arg>
</arguments>
<msg timestamp="20200515 13:53:10.690" level="INFO">Slept 2 seconds</msg>
<status status="PASS" starttime="20200515 13:53:08.689" endtime="20200515 13:53:10.690"></status>
</kw>
<kw name="Scroll Page To Location" library="Revision Planner Keywords">
<arguments>
<arg>0</arg>
<arg>2000</arg>
</arguments>
<kw name="Execute Javascript" library="SeleniumLibrary">
<doc>Executes the given JavaScript code with possible arguments.</doc>
<arguments>
<arg>window.scrollTo(${x_location},${y_location})</arg>
</arguments>
<msg timestamp="20200515 13:53:10.696" level="INFO">Executing JavaScript:
window.scrollTo(0,2000)
Without any arguments.</msg>
<status status="PASS" starttime="20200515 13:53:10.694" endtime="20200515 13:53:10.749"></status>
</kw>
<status status="PASS" starttime="20200515 13:53:10.691" endtime="20200515 13:53:10.750"></status>
</kw>
<kw name="Sleep" library="BuiltIn">
<doc>Pauses the test executed for the given time.</doc>
<arguments>
<arg>2s</arg>
</arguments>
<msg timestamp="20200515 13:53:12.752" level="INFO">Slept 2 seconds</msg>
<status status="PASS" starttime="20200515 13:53:10.750" endtime="20200515 13:53:12.752"></status>
</kw>
<kw name="Get Text" library="SeleniumLibrary">
<doc>Returns the text value of the element identified by ``locator``.</doc>
<arguments>
<arg>${Goal%}</arg>
</arguments>
<assign>
<var>${GP}</var>
</assign>
<msg timestamp="20200515 13:53:12.800" level="INFO">${GP} = Goal %</msg>
<status status="PASS" starttime="20200515 13:53:12.753" endtime="20200515 13:53:12.800"></status>
</kw>
<kw name="Get Text" library="SeleniumLibrary">
<doc>Returns the text value of the element identified by ``locator``.</doc>
<arguments>
<arg>${GoalPercentage}</arg>
</arguments>
<assign>
<var>${GPV}</var>
</assign>
<msg timestamp="20200515 13:53:12.839" level="INFO">${GPV} = 20.00 %</msg>
<status status="PASS" starttime="20200515 13:53:12.800" endtime="20200515 13:53:12.839"></status>
</kw>
<kw name="Get Text" library="SeleniumLibrary">
<doc>Returns the text value of the element identified by ``locator``.</doc>
<arguments>
<arg>${Goalamt}</arg>
</arguments>
<assign>
<var>${GA}</var>
</assign>
<msg timestamp="20200515 13:53:12.869" level="INFO">${GA} = Goal amount</msg>
<status status="PASS" starttime="20200515 13:53:12.839" endtime="20200515 13:53:12.869"></status>
</kw>
<kw name="Get Text" library="SeleniumLibrary">
<doc>Returns the text value of the element identified by ``locator``.</doc>
<arguments>
<arg>${GoalAmt}</arg>
</arguments>
<assign>
<var>${GAV}</var>
</assign>
<msg timestamp="20200515 13:53:12.892" level="INFO">${GAV} = Goal amount</msg>
<status status="PASS" starttime="20200515 13:53:12.869" endtime="20200515 13:53:12.892"></status>
</kw>
<kw name="Get Text" library="SeleniumLibrary">
<doc>Returns the text value of the element identified by ``locator``.</doc>
<arguments>
<arg>${Actual%}</arg>
</arguments>
<assign>
<var>${AP}</var>
</assign>
<msg timestamp="20200515 13:53:12.929" level="INFO">${AP} = Actual %</msg>
<status status="PASS" starttime="20200515 13:53:12.892" endtime="20200515 13:53:12.929"></status>
</kw>
<kw name="Get Text" library="SeleniumLibrary">
<doc>Returns the text value of the element identified by ``locator``.</doc>
<arguments>
<arg>${ActualPercentage}</arg>
</arguments>
<assign>
<var>${APV}</var>
</assign>
<msg timestamp="20200515 13:53:12.970" level="INFO">${APV} = 20.00 %</msg>
<status status="PASS" starttime="20200515 13:53:12.929" endtime="20200515 13:53:12.970"></status>
</kw>
<kw name="Get Text" library="SeleniumLibrary">
<doc>Returns the text value of the element identified by ``locator``.</doc>
<arguments>
<arg>${Actual}</arg>
</arguments>
<assign>
<var>${AM}</var>
</assign>
<msg timestamp="20200515 13:53:13.002" level="INFO">${AM} = Actual amount</msg>
<status status="PASS" starttime="20200515 13:53:12.971" endtime="20200515 13:53:13.003"></status>
</kw>
<kw name="Get Text" library="SeleniumLibrary">
<doc>Returns the text value of the element identified by ``locator``.</doc>
<arguments>
<arg>${ActualAmount}</arg>
</arguments>
<assign>
<var>${AMV}</var>
</assign>
<msg timestamp="20200515 13:53:13.035" level="INFO">${AMV} = 9,43,946.00</msg>
<status status="PASS" starttime="20200515 13:53:13.003" endtime="20200515 13:53:13.035"></status>
</kw>
<kw name="Get Text" library="SeleniumLibrary">
<doc>Returns the text value of the element identified by ``locator``.</doc>
<arguments>
<arg>${Variation%}</arg>
</arguments>
<assign>
<var>${VP}</var>
</assign>
<msg timestamp="20200515 13:53:13.067" level="INFO">${VP} = Variation %</msg>
<status status="PASS" starttime="20200515 13:53:13.036" endtime="20200515 13:53:13.067"></status>
</kw>
<kw name="Get Text" library="SeleniumLibrary">
<doc>Returns the text value of the element identified by ``locator``.</doc>
<arguments>
<arg>${VariationPercentage}</arg>
</arguments>
<assign>
<var>${VPV}</var>
</assign>
<msg timestamp="20200515 13:53:13.102" level="INFO">${VPV} = 0.00 %</msg>
<status status="PASS" starttime="20200515 13:53:13.067" endtime="20200515 13:53:13.102"></status>
</kw>
<kw name="Get Text" library="SeleniumLibrary">
<doc>Returns the text value of the element identified by ``locator``.</doc>
<arguments>
<arg>${Variation}</arg>
</arguments>
<assign>
<var>${VM}</var>
</assign>
<msg timestamp="20200515 13:53:13.134" level="INFO">${VM} = Variation amount</msg>
<status status="PASS" starttime="20200515 13:53:13.102" endtime="20200515 13:53:13.134"></status>
</kw>
<kw name="Get Text" library="SeleniumLibrary">
<doc>Returns the text value of the element identified by ``locator``.</doc>
<arguments>
<arg>${VariationAmount}</arg>
</arguments>
<assign>
<var>${VMV}</var>
</assign>
<msg timestamp="20200515 13:53:13.170" level="INFO">${VMV} = 0.00</msg>
<status status="PASS" starttime="20200515 13:53:13.135" endtime="20200515 13:53:13.170"></status>
</kw>
<kw name="Sleep" library="BuiltIn">
<doc>Pauses the test executed for the given time.</doc>
<arguments>
<arg>2s</arg>
</arguments>
<msg timestamp="20200515 13:53:15.172" level="INFO">Slept 2 seconds</msg>
<status status="PASS" starttime="20200515 13:53:13.170" endtime="20200515 13:53:15.173"></status>
</kw>
<kw name="Log To Console" library="BuiltIn">
<doc>Logs the given message to the console.</doc>
<arguments>
<arg>${GP} is ${GPV}</arg>
</arguments>
<status status="PASS" starttime="20200515 13:53:15.174" endtime="20200515 13:53:15.176"></status>
</kw>
<kw name="Log To Console" library="BuiltIn">
<doc>Logs the given message to the console.</doc>
<arguments>
<arg>${GA} is ${GAV}</arg>
</arguments>
<status status="PASS" starttime="20200515 13:53:15.176" endtime="20200515 13:53:15.178"></status>
</kw>
<kw name="Log To Console" library="BuiltIn">
<doc>Logs the given message to the console.</doc>
<arguments>
<arg>${AP} is ${APV}</arg>
</arguments>
<status status="PASS" starttime="20200515 13:53:15.178" endtime="20200515 13:53:15.179"></status>
</kw>
<kw name="Log To Console" library="BuiltIn">
<doc>Logs the given message to the console.</doc>
<arguments>
<arg>${AM} is ${AMV}</arg>
</arguments>
<status status="PASS" starttime="20200515 13:53:15.180" endtime="20200515 13:53:15.181"></status>
</kw>
<kw name="Log To Console" library="BuiltIn">
<doc>Logs the given message to the console.</doc>
<arguments>
<arg>${VP} is ${VPV}</arg>
</arguments>
<status status="PASS" starttime="20200515 13:53:15.182" endtime="20200515 13:53:15.183"></status>
</kw>
<kw name="Log To Console" library="BuiltIn">
<doc>Logs the given message to the console.</doc>
<arguments>
<arg>${VM} is ${VMV}</arg>
</arguments>
<status status="PASS" starttime="20200515 13:53:15.184" endtime="20200515 13:53:15.185"></status>
</kw>
<status status="PASS" starttime="20200515 13:53:08.688" endtime="20200515 13:53:15.186"></status>
</kw>
<kw name="TC_16_Complete the Setup Analysis" library="Salary Deferment">
<kw name="Sleep" library="BuiltIn">
<doc>Pauses the test executed for the given time.</doc>
<arguments>
<arg>2s</arg>
</arguments>
<msg timestamp="20200515 13:53:17.190" level="INFO">Slept 2 seconds</msg>
<status status="PASS" starttime="20200515 13:53:15.188" endtime="20200515 13:53:17.190"></status>
</kw>
<kw name="Click Element" library="SeleniumLibrary">
<doc>Click the element identified by ``locator``.</doc>
<arguments>
<arg>//button[contains(text(),'Finish')]</arg>
</arguments>
<msg timestamp="20200515 13:53:17.191" level="INFO">Clicking element '//button[contains(text(),'Finish')]'.</msg>
<status status="PASS" starttime="20200515 13:53:17.191" endtime="20200515 13:53:17.332"></status>
</kw>
<kw name="Click Element" library="SeleniumLibrary">
<doc>Click the element identified by ``locator``.</doc>
<arguments>
<arg>//button[contains(text(),'Export Excel')]</arg>
</arguments>
<msg timestamp="20200515 13:53:17.333" level="INFO">Clicking element '//button[contains(text(),'Export Excel')]'.</msg>
<status status="PASS" starttime="20200515 13:53:17.333" endtime="20200515 13:53:18.433"></status>
</kw>
<kw name="Sleep" library="BuiltIn">
<doc>Pauses the test executed for the given time.</doc>
<arguments>
<arg>2s</arg>
</arguments>
<msg timestamp="20200515 13:53:20.435" level="INFO">Slept 2 seconds</msg>
<status status="PASS" starttime="20200515 13:53:18.433" endtime="20200515 13:53:20.436"></status>
</kw>
<kw name="Click Element" library="SeleniumLibrary">
<doc>Click the element identified by ``locator``.</doc>
<arguments>
<arg>//button[@class='btn summary-btn-close ng-scope']</arg>
</arguments>
<msg timestamp="20200515 13:53:20.438" level="INFO">Clicking element '//button[@class='btn summary-btn-close ng-scope']'.</msg>
<status status="PASS" starttime="20200515 13:53:20.436" endtime="20200515 13:53:20.692"></status>
</kw>
<kw name="Sleep" library="BuiltIn">
<doc>Pauses the test executed for the given time.</doc>
<arguments>
<arg>2s</arg>
</arguments>
<msg timestamp="20200515 13:53:22.695" level="INFO">Slept 2 seconds</msg>
<status status="PASS" starttime="20200515 13:53:20.693" endtime="20200515 13:53:22.696"></status>
</kw>
<status status="PASS" starttime="20200515 13:53:15.187" endtime="20200515 13:53:22.697"></status>
</kw>
<kw name="TC_17_Edit the Analysis and change the CTC Salary Item, Goal% and Download the excel file" library="Salary Deferment">
<kw name="Sleep" library="BuiltIn">
<doc>Pauses the test executed for the given time.</doc>
<arguments>
<arg>2s</arg>
</arguments>
<msg timestamp="20200515 13:53:24.702" level="INFO">Slept 2 seconds</msg>
<status status="PASS" starttime="20200515 13:53:22.699" endtime="20200515 13:53:24.702"></status>
</kw>
<kw name="Click Element" library="SeleniumLibrary">
<doc>Click the element identified by ``locator``.</doc>
<arguments>
<arg>//span[2]//div[1]//table[1]//tbody[1]//tr[1]//td[1]//div[1]//span[2]//i[1]</arg>
</arguments>
<msg timestamp="20200515 13:53:24.705" level="INFO">Clicking element '//span[2]//div[1]//table[1]//tbody[1]//tr[1]//td[1]//div[1]//span[2]//i[1]'.</msg>
<status status="PASS" starttime="20200515 13:53:24.704" endtime="20200515 13:53:24.826"></status>
</kw>
<kw name="Sleep" library="BuiltIn">
<doc>Pauses the test executed for the given time.</doc>
<arguments>
<arg>2s</arg>
</arguments>
<msg timestamp="20200515 13:53:26.827" level="INFO">Slept 2 seconds</msg>
<status status="PASS" starttime="20200515 13:53:24.826" endtime="20200515 13:53:26.827"></status>
</kw>
<kw name="Click Element" library="SeleniumLibrary">
<doc>Click the element identified by ``locator``.</doc>
<arguments>
<arg>//div[@class='main-content']//div[2]//div[1]//div[1]//a[1]//div[1]//b[1]</arg>
</arguments>
<msg timestamp="20200515 13:53:26.830" level="INFO">Clicking element '//div[@class='main-content']//div[2]//div[1]//div[1]//a[1]//div[1]//b[1]'.</msg>
<status status="PASS" starttime="20200515 13:53:26.829" endtime="20200515 13:53:27.185"></status>
</kw>
<kw name="Click Element" library="SeleniumLibrary">
<doc>Click the element identified by ``locator``.</doc>
<arguments>
<arg>//div[contains(text(),'ANNUAL_CTC')]</arg>
</arguments>
<msg timestamp="20200515 13:53:27.186" level="INFO">Clicking element '//div[contains(text(),'ANNUAL_CTC')]'.</msg>
<status status="PASS" starttime="20200515 13:53:27.185" endtime="20200515 13:53:27.340"></status>
</kw>
<kw name="Sleep" library="BuiltIn">
<doc>Pauses the test executed for the given time.</doc>
<arguments>
<arg>2s</arg>
</arguments>
<msg timestamp="20200515 13:53:29.342" level="INFO">Slept 2 seconds</msg>
<status status="PASS" starttime="20200515 13:53:27.341" endtime="20200515 13:53:29.342"></status>
</kw>
<kw name="Input Text" library="SeleniumLibrary">
<doc>Types the given ``text`` into the text field identified by ``locator``.</doc>
<arguments>
<arg>//input[@type='number']</arg>
<arg>20.2</arg>
</arguments>
<msg timestamp="20200515 13:53:29.353" level="INFO">Typing text '20.2' into text field '//input[@type='number']'.</msg>
<status status="PASS" starttime="20200515 13:53:29.344" endtime="20200515 13:53:29.607"></status>
</kw>
<kw name="Get Text" library="SeleniumLibrary">
<doc>Returns the text value of the element identified by ``locator``.</doc>
<arguments>
<arg>${CurrentSalary}</arg>
</arguments>
<assign>
<var>${CS}</var>
</assign>
<msg timestamp="20200515 13:53:29.641" level="INFO">${CS} = Current Salary Amount</msg>
<status status="PASS" starttime="20200515 13:53:29.607" endtime="20200515 13:53:29.641"></status>
</kw>
<kw name="Get Text" library="SeleniumLibrary">
<doc>Returns the text value of the element identified by ``locator``.</doc>
<arguments>
<arg>${CurrentSalaryAmount}</arg>
</arguments>
<assign>
<var>${CSA}</var>
</assign>
<msg timestamp="20200515 13:53:29.674" level="INFO">${CSA} = 5,66,36,781.00</msg>
<status status="PASS" starttime="20200515 13:53:29.641" endtime="20200515 13:53:29.674"></status>
</kw>
<kw name="Get Text" library="SeleniumLibrary">
<doc>Returns the text value of the element identified by ``locator``.</doc>
<arguments>
<arg>${RevisedSalary}</arg>
</arguments>
<assign>
<var>${RS}</var>
</assign>
<msg timestamp="20200515 13:53:29.707" level="INFO">${RS} = Revised Salary Amount</msg>
<status status="PASS" starttime="20200515 13:53:29.674" endtime="20200515 13:53:29.707"></status>
</kw>
<kw name="Get Text" library="SeleniumLibrary">
<doc>Returns the text value of the element identified by ``locator``.</doc>
<arguments>
<arg>${RevisedSalaryAmount}</arg>
</arguments>
<assign>
<var>${RSA}</var>
</assign>
<msg timestamp="20200515 13:53:29.741" level="INFO">${RSA} = 4,51,96,151.00</msg>
<status status="PASS" starttime="20200515 13:53:29.708" endtime="20200515 13:53:29.741"></status>
</kw>
<kw name="Get Text" library="SeleniumLibrary">
<doc>Returns the text value of the element identified by ``locator``.</doc>
<arguments>
<arg>${TotalEmployeeCount}</arg>
</arguments>
<assign>
<var>${TEC}</var>
</assign>
<msg timestamp="20200515 13:53:29.776" level="INFO">${TEC} = Total Employee Count</msg>
<status status="PASS" starttime="20200515 13:53:29.741" endtime="20200515 13:53:29.776"></status>
</kw>
<kw name="Get Text" library="SeleniumLibrary">
<doc>Returns the text value of the element identified by ``locator``.</doc>
<arguments>
<arg>${EmployeeCount}</arg>
</arguments>
<assign>
<var>${EC}</var>
</assign>
<msg timestamp="20200515 13:53:29.810" level="INFO">${EC} = 40</msg>
<status status="PASS" starttime="20200515 13:53:29.776" endtime="20200515 13:53:29.811"></status>
</kw>
<kw name="Get Text" library="SeleniumLibrary">
<doc>Returns the text value of the element identified by ``locator``.</doc>
<arguments>
<arg>${Goal}</arg>
</arguments>
<assign>
<var>${G}</var>
</assign>
<msg timestamp="20200515 13:53:29.846" level="INFO">${G} = Goal Amount</msg>
<status status="PASS" starttime="20200515 13:53:29.811" endtime="20200515 13:53:29.847"></status>
</kw>
<kw name="Get Text" library="SeleniumLibrary">
<doc>Returns the text value of the element identified by ``locator``.</doc>
<arguments>
<arg>${GoalAmount}</arg>
</arguments>
<assign>
<var>${GA}</var>
</assign>
<msg timestamp="20200515 13:53:29.881" level="INFO">${GA} = 1,14,40,630.00</msg>
<status status="PASS" starttime="20200515 13:53:29.847" endtime="20200515 13:53:29.881"></status>
</kw>
<kw name="Sleep" library="BuiltIn">
<doc>Pauses the test executed for the given time.</doc>
<arguments>
<arg>2s</arg>
</arguments>
<msg timestamp="20200515 13:53:31.883" level="INFO">Slept 2 seconds</msg>
<status status="PASS" starttime="20200515 13:53:29.882" endtime="20200515 13:53:31.883"></status>
</kw>
<kw name="Log To Console" library="BuiltIn">
<doc>Logs the given message to the console.</doc>
<arguments>
<arg>${CS} is ${CSA}</arg>
</arguments>
<status status="PASS" starttime="20200515 13:53:31.884" endtime="20200515 13:53:31.886"></status>
</kw>
<kw name="Log To Console" library="BuiltIn">
<doc>Logs the given message to the console.</doc>
<arguments>
<arg>${RS} is ${RSA}</arg>
</arguments>
<status status="PASS" starttime="20200515 13:53:31.887" endtime="20200515 13:53:31.889"></status>
</kw>
<kw name="Log To Console" library="BuiltIn">
<doc>Logs the given message to the console.</doc>
<arguments>
<arg>${TEC}is ${EC}</arg>
</arguments>
<status status="PASS" starttime="20200515 13:53:31.890" endtime="20200515 13:53:31.892"></status>
</kw>
<kw name="Log To Console" library="BuiltIn">
<doc>Logs the given message to the console.</doc>
<arguments>
<arg>${G} is ${GA}</arg>
</arguments>
<status status="PASS" starttime="20200515 13:53:31.893" endtime="20200515 13:53:31.894"></status>
</kw>
<kw name="Click Element" library="SeleniumLibrary">
<doc>Click the element identified by ``locator``.</doc>
<arguments>
<arg>//button[contains(text(),'Next')]</arg>
</arguments>
<msg timestamp="20200515 13:53:31.896" level="INFO">Clicking element '//button[contains(text(),'Next')]'.</msg>
<status status="PASS" starttime="20200515 13:53:31.895" endtime="20200515 13:53:32.015"></status>
</kw>
<kw name="Sleep" library="BuiltIn">
<doc>Pauses the test executed for the given time.</doc>
<arguments>
<arg>2s</arg>
</arguments>
<msg timestamp="20200515 13:53:34.016" level="INFO">Slept 2 seconds</msg>
<status status="PASS" starttime="20200515 13:53:32.015" endtime="20200515 13:53:34.016"></status>
</kw>
<kw name="Input Text" library="SeleniumLibrary">
<doc>Types the given ``text`` into the text field identified by ``locator``.</doc>
<arguments>
<arg>//input[@placeholder='Frequency']</arg>
<arg>70000</arg>
</arguments>
<msg timestamp="20200515 13:53:34.019" level="INFO">Typing text '70000' into text field '//input[@placeholder='Frequency']'.</msg>
<status status="PASS" starttime="20200515 13:53:34.017" endtime="20200515 13:53:34.339"></status>
</kw>
<kw name="Sleep" library="BuiltIn">
<doc>Pauses the test executed for the given time.</doc>
<arguments>
<arg>2s</arg>
</arguments>
<msg timestamp="20200515 13:53:36.341" level="INFO">Slept 2 seconds</msg>
<status status="PASS" starttime="20200515 13:53:34.339" endtime="20200515 13:53:36.342"></status>
</kw>
<kw name="Scroll Page To Location" library="Revision Planner Keywords">
<arguments>
<arg>0</arg>
<arg>2000</arg>
</arguments>
<kw name="Execute Javascript" library="SeleniumLibrary">
<doc>Executes the given JavaScript code with possible arguments.</doc>
<arguments>
<arg>window.scrollTo(${x_location},${y_location})</arg>
</arguments>
<msg timestamp="20200515 13:53:36.347" level="INFO">Executing JavaScript:
window.scrollTo(0,2000)
Without any arguments.</msg>
<status status="PASS" starttime="20200515 13:53:36.345" endtime="20200515 13:53:36.399"></status>
</kw>
<status status="PASS" starttime="20200515 13:53:36.342" endtime="20200515 13:53:36.400"></status>
</kw>
<kw name="Sleep" library="BuiltIn">
<doc>Pauses the test executed for the given time.</doc>
<arguments>
<arg>2s</arg>
</arguments>
<msg timestamp="20200515 13:53:38.401" level="INFO">Slept 2 seconds</msg>
<status status="PASS" starttime="20200515 13:53:36.400" endtime="20200515 13:53:38.401"></status>
</kw>
<kw name="Get Text" library="SeleniumLibrary">
<doc>Returns the text value of the element identified by ``locator``.</doc>
<arguments>
<arg>${Goal%}</arg>
</arguments>
<assign>
<var>${GP}</var>
</assign>
<msg timestamp="20200515 13:53:38.471" level="INFO">${GP} = Goal %</msg>
<status status="PASS" starttime="20200515 13:53:38.403" endtime="20200515 13:53:38.472"></status>
</kw>
<kw name="Get Text" library="SeleniumLibrary">
<doc>Returns the text value of the element identified by ``locator``.</doc>
<arguments>
<arg>${GoalPercentage}</arg>
</arguments>
<assign>
<var>${GPV}</var>
</assign>
<msg timestamp="20200515 13:53:38.505" level="INFO">${GPV} = 20.20 %</msg>
<status status="PASS" starttime="20200515 13:53:38.472" endtime="20200515 13:53:38.505"></status>
</kw>
<kw name="Get Text" library="SeleniumLibrary">
<doc>Returns the text value of the element identified by ``locator``.</doc>
<arguments>
<arg>${Goalamt}</arg>
</arguments>
<assign>
<var>${GA}</var>
</assign>
<msg timestamp="20200515 13:53:38.533" level="INFO">${GA} = Goal amount</msg>
<status status="PASS" starttime="20200515 13:53:38.505" endtime="20200515 13:53:38.534"></status>
</kw>
<kw name="Get Text" library="SeleniumLibrary">
<doc>Returns the text value of the element identified by ``locator``.</doc>
<arguments>
<arg>${GoalAmt}</arg>
</arguments>
<assign>
<var>${GAV}</var>
</assign>
<msg timestamp="20200515 13:53:38.553" level="INFO">${GAV} = Goal amount</msg>
<status status="PASS" starttime="20200515 13:53:38.534" endtime="20200515 13:53:38.553"></status>
</kw>
<kw name="Get Text" library="SeleniumLibrary">
<doc>Returns the text value of the element identified by ``locator``.</doc>
<arguments>
<arg>${Actual%}</arg>
</arguments>
<assign>
<var>${AP}</var>
</assign>
<msg timestamp="20200515 13:53:38.586" level="INFO">${AP} = Actual %</msg>
<status status="PASS" starttime="20200515 13:53:38.554" endtime="20200515 13:53:38.586"></status>
</kw>
<kw name="Get Text" library="SeleniumLibrary">
<doc>Returns the text value of the element identified by ``locator``.</doc>
<arguments>
<arg>${ActualPercentage}</arg>
</arguments>
<assign>
<var>${APV}</var>
</assign>
<msg timestamp="20200515 13:53:38.621" level="INFO">${APV} = 20.20 %</msg>
<status status="PASS" starttime="20200515 13:53:38.587" endtime="20200515 13:53:38.621"></status>
</kw>
<kw name="Get Text" library="SeleniumLibrary">
<doc>Returns the text value of the element identified by ``locator``.</doc>
<arguments>
<arg>${Actual}</arg>
</arguments>
<assign>
<var>${AM}</var>
</assign>
<msg timestamp="20200515 13:53:38.652" level="INFO">${AM} = Actual amount</msg>
<status status="PASS" starttime="20200515 13:53:38.622" endtime="20200515 13:53:38.652"></status>
</kw>
<kw name="Get Text" library="SeleniumLibrary">
<doc>Returns the text value of the element identified by ``locator``.</doc>
<arguments>
<arg>${ActualAmount}</arg>
</arguments>
<assign>
<var>${AMV}</var>
</assign>
<msg timestamp="20200515 13:53:38.683" level="INFO">${AMV} = 1,14,40,630.00</msg>
<status status="PASS" starttime="20200515 13:53:38.652" endtime="20200515 13:53:38.684"></status>
</kw>
<kw name="Get Text" library="SeleniumLibrary">
<doc>Returns the text value of the element identified by ``locator``.</doc>
<arguments>
<arg>${Variation%}</arg>
</arguments>
<assign>
<var>${VP}</var>
</assign>
<msg timestamp="20200515 13:53:38.713" level="INFO">${VP} = Variation %</msg>
<status status="PASS" starttime="20200515 13:53:38.684" endtime="20200515 13:53:38.713"></status>
</kw>
<kw name="Get Text" library="SeleniumLibrary">
<doc>Returns the text value of the element identified by ``locator``.</doc>
<arguments>
<arg>${VariationPercentage}</arg>
</arguments>
<assign>
<var>${VPV}</var>
</assign>
<msg timestamp="20200515 13:53:38.747" level="INFO">${VPV} = 0.00 %</msg>
<status status="PASS" starttime="20200515 13:53:38.714" endtime="20200515 13:53:38.747"></status>
</kw>
<kw name="Get Text" library="SeleniumLibrary">
<doc>Returns the text value of the element identified by ``locator``.</doc>
<arguments>
<arg>${Variation}</arg>
</arguments>
<assign>
<var>${VM}</var>
</assign>
<msg timestamp="20200515 13:53:38.776" level="INFO">${VM} = Variation amount</msg>
<status status="PASS" starttime="20200515 13:53:38.747" endtime="20200515 13:53:38.776"></status>
</kw>
<kw name="Get Text" library="SeleniumLibrary">
<doc>Returns the text value of the element identified by ``locator``.</doc>
<arguments>
<arg>${VariationAmount}</arg>
</arguments>
<assign>
<var>${VMV}</var>
</assign>
<msg timestamp="20200515 13:53:38.809" level="INFO">${VMV} = 0.00</msg>
[...]
</kw>
<kw name="Sleep" library="BuiltIn">
<doc>Pauses the test executed for the given time.</doc>
<arguments>
<arg>2s</arg>
</arguments>
<msg timestamp="20200515 13:54:31.705" level="INFO">Slept 2 seconds</msg>
<status status="PASS" starttime="20200515 13:54:29.705" endtime="20200515 13:54:31.705"></status>
</kw>
<kw name="Log To Console" library="BuiltIn">
<doc>Logs the given message to the console.</doc>
<arguments>
<arg>${CS} is ${CSA}</arg>
</arguments>
<status status="PASS" starttime="20200515 13:54:31.706" endtime="20200515 13:54:31.709"></status>
</kw>
<kw name="Log To Console" library="BuiltIn">
<doc>Logs the given message to the console.</doc>
<arguments>
<arg>${RS} is ${RSA}</arg>
</arguments>
<status status="PASS" starttime="20200515 13:54:31.710" endtime="20200515 13:54:31.711"></status>
</kw>
<kw name="Log To Console" library="BuiltIn">
<doc>Logs the given message to the console.</doc>
<arguments>
<arg>${TEC}is ${EC}</arg>
</arguments>
<status status="PASS" starttime="20200515 13:54:31.712" endtime="20200515 13:54:31.713"></status>
</kw>
<kw name="Log To Console" library="BuiltIn">
<doc>Logs the given message to the console.</doc>
<arguments>
<arg>${G} is ${GA}</arg>
</arguments>
<status status="PASS" starttime="20200515 13:54:31.714" endtime="20200515 13:54:31.715"></status>
</kw>
<kw name="Click Element" library="SeleniumLibrary">
<doc>Click the element identified by ``locator``.</doc>
<arguments>
<arg>//button[contains(text(),'Next')]</arg>
</arguments>
<msg timestamp="20200515 13:54:31.717" level="INFO">Clicking element '//button[contains(text(),'Next')]'.</msg>
<status status="PASS" starttime="20200515 13:54:31.716" endtime="20200515 13:54:31.855"></status>
</kw>
<kw name="Sleep" library="BuiltIn">
<doc>Pauses the test executed for the given time.</doc>
<arguments>
<arg>2s</arg>
</arguments>
<msg timestamp="20200515 13:54:33.856" level="INFO">Slept 2 seconds</msg>
<status status="PASS" starttime="20200515 13:54:31.856" endtime="20200515 13:54:33.857"></status>
</kw>
<kw name="Input Text" library="SeleniumLibrary">
<doc>Types the given ``text`` into the text field identified by ``locator``.</doc>
<arguments>
<arg>//input[@placeholder='Frequency']</arg>
<arg>70000</arg>
</arguments>
<msg timestamp="20200515 13:54:33.860" level="INFO">Typing text '70000' into text field '//input[@placeholder='Frequency']'.</msg>
<status status="PASS" starttime="20200515 13:54:33.857" endtime="20200515 13:54:34.199"></status>
</kw>
<kw name="Sleep" library="BuiltIn">
<doc>Pauses the test executed for the given time.</doc>
<arguments>
<arg>2s</arg>
</arguments>
<msg timestamp="20200515 13:54:36.203" level="INFO">Slept 2 seconds</msg>
<status status="PASS" starttime="20200515 13:54:34.200" endtime="20200515 13:54:36.203"></status>
</kw>
<kw name="Scroll Page To Location" library="Revision Planner Keywords">
<arguments>
<arg>0</arg>
<arg>2000</arg>
</arguments>
<kw name="Execute Javascript" library="SeleniumLibrary">
<doc>Executes the given JavaScript code with possible arguments.</doc>
<arguments>
<arg>window.scrollTo(${x_location},${y_location})</arg>
</arguments>
<msg timestamp="20200515 13:54:36.208" level="INFO">Executing JavaScript:
window.scrollTo(0,2000)
Without any arguments.</msg>
<status status="PASS" starttime="20200515 13:54:36.207" endtime="20200515 13:54:36.256"></status>
</kw>
<status status="PASS" starttime="20200515 13:54:36.204" endtime="20200515 13:54:36.257"></status>
</kw>
<kw name="Sleep" library="BuiltIn">
<doc>Pauses the test executed for the given time.</doc>
<arguments>
<arg>2s</arg>
</arguments>
<msg timestamp="20200515 13:54:38.259" level="INFO">Slept 2 seconds</msg>
<status status="PASS" starttime="20200515 13:54:36.257" endtime="20200515 13:54:38.259"></status>
</kw>
<kw name="Get Text" library="SeleniumLibrary">
<doc>Returns the text value of the element identified by ``locator``.</doc>
<arguments>
<arg>${Goal%}</arg>
</arguments>
<assign>
<var>${GP}</var>
</assign>
<msg timestamp="20200515 13:54:38.326" level="INFO">${GP} = Goal %</msg>
<status status="PASS" starttime="20200515 13:54:38.260" endtime="20200515 13:54:38.326"></status>
</kw>
<kw name="Get Text" library="SeleniumLibrary">
<doc>Returns the text value of the element identified by ``locator``.</doc>
<arguments>
<arg>${GoalPercentage}</arg>
</arguments>
<assign>
<var>${GPV}</var>
</assign>
<msg timestamp="20200515 13:54:38.356" level="INFO">${GPV} = 20.20 %</msg>
<status status="PASS" starttime="20200515 13:54:38.326" endtime="20200515 13:54:38.357"></status>
</kw>
<kw name="Get Text" library="SeleniumLibrary">
<doc>Returns the text value of the element identified by ``locator``.</doc>
<arguments>
<arg>${Goalamt}</arg>
</arguments>
<assign>
<var>${GA}</var>
</assign>
<msg timestamp="20200515 13:54:38.386" level="INFO">${GA} = Goal amount</msg>
<status status="PASS" starttime="20200515 13:54:38.357" endtime="20200515 13:54:38.386"></status>
</kw>
<kw name="Get Text" library="SeleniumLibrary">
<doc>Returns the text value of the element identified by ``locator``.</doc>
<arguments>
<arg>${GoalAmt}</arg>
</arguments>
<assign>
<var>${GAV}</var>
</assign>
<msg timestamp="20200515 13:54:38.408" level="INFO">${GAV} = Goal amount</msg>
<status status="PASS" starttime="20200515 13:54:38.387" endtime="20200515 13:54:38.408"></status>
</kw>
<kw name="Get Text" library="SeleniumLibrary">
<doc>Returns the text value of the element identified by ``locator``.</doc>
<arguments>
<arg>${Actual%}</arg>
</arguments>
<assign>
<var>${AP}</var>
</assign>
<msg timestamp="20200515 13:54:38.443" level="INFO">${AP} = Actual %</msg>
<status status="PASS" starttime="20200515 13:54:38.409" endtime="20200515 13:54:38.443"></status>
</kw>
<kw name="Get Text" library="SeleniumLibrary">
<doc>Returns the text value of the element identified by ``locator``.</doc>
<arguments>
<arg>${ActualPercentage}</arg>
</arguments>
<assign>
<var>${APV}</var>
</assign>
<msg timestamp="20200515 13:54:38.477" level="INFO">${APV} = 20.20 %</msg>
<status status="PASS" starttime="20200515 13:54:38.443" endtime="20200515 13:54:38.477"></status>
</kw>
<kw name="Get Text" library="SeleniumLibrary">
<doc>Returns the text value of the element identified by ``locator``.</doc>
<arguments>
<arg>${Actual}</arg>
</arguments>
<assign>
<var>${AM}</var>
</assign>
<msg timestamp="20200515 13:54:38.507" level="INFO">${AM} = Actual amount</msg>
<status status="PASS" starttime="20200515 13:54:38.477" endtime="20200515 13:54:38.508"></status>
</kw>
<kw name="Get Text" library="SeleniumLibrary">
<doc>Returns the text value of the element identified by ``locator``.</doc>
<arguments>
<arg>${ActualAmount}</arg>
</arguments>
<assign>
<var>${AMV}</var>
</assign>
<msg timestamp="20200515 13:54:38.539" level="INFO">${AMV} = 1,14,40,630.00</msg>
<status status="PASS" starttime="20200515 13:54:38.508" endtime="20200515 13:54:38.539"></status>
</kw>
<kw name="Get Text" library="SeleniumLibrary">
<doc>Returns the text value of the element identified by ``locator``.</doc>
<arguments>
<arg>${Variation%}</arg>
</arguments>
<assign>
<var>${VP}</var>
</assign>
<msg timestamp="20200515 13:54:38.570" level="INFO">${VP} = Variation %</msg>
<status status="PASS" starttime="20200515 13:54:38.540" endtime="20200515 13:54:38.570"></status>
</kw>
<kw name="Get Text" library="SeleniumLibrary">
<doc>Returns the text value of the element identified by ``locator``.</doc>
<arguments>
<arg>${VariationPercentage}</arg>
</arguments>
<assign>
<var>${VPV}</var>
</assign>
<msg timestamp="20200515 13:54:38.603" level="INFO">${VPV} = 0.00 %</msg>
<status status="PASS" starttime="20200515 13:54:38.571" endtime="20200515 13:54:38.603"></status>
</kw>
<kw name="Get Text" library="SeleniumLibrary">
<doc>Returns the text value of the element identified by ``locator``.</doc>
<arguments>
<arg>${Variation}</arg>
</arguments>
<assign>
<var>${VM}</var>
</assign>
<msg timestamp="20200515 13:54:38.633" level="INFO">${VM} = Variation amount</msg>
<status status="PASS" starttime="20200515 13:54:38.604" endtime="20200515 13:54:38.633"></status>
</kw>
<kw name="Get Text" library="SeleniumLibrary">
<doc>Returns the text value of the element identified by ``locator``.</doc>
<arguments>
<arg>${VariationAmount}</arg>
</arguments>
<assign>
<var>${VMV}</var>
</assign>
<msg timestamp="20200515 13:54:38.666" level="INFO">${VMV} = 0.00</msg>
<status status="PASS" starttime="20200515 13:54:38.634" endtime="20200515 13:54:38.666"></status>
</kw>
<kw name="Sleep" library="BuiltIn">
<doc>Pauses the test executed for the given time.</doc>
<arguments>
<arg>2s</arg>
</arguments>
<msg timestamp="20200515 13:54:40.667" level="INFO">Slept 2 seconds</msg>
<status status="PASS" starttime="20200515 13:54:38.666" endtime="20200515 13:54:40.667"></status>
</kw>
<kw name="Log To Console" library="BuiltIn">
<doc>Logs the given message to the console.</doc>
<arguments>
<arg>${GP} is ${GPV}</arg>
</arguments>
<status status="PASS" starttime="20200515 13:54:40.668" endtime="20200515 13:54:40.670"></status>
</kw>
<kw name="Log To Console" library="BuiltIn">
<doc>Logs the given message to the console.</doc>
<arguments>
<arg>${GA} is ${GAV}</arg>
</arguments>
<status status="PASS" starttime="20200515 13:54:40.671" endtime="20200515 13:54:40.672"></status>
</kw>
<kw name="Log To Console" library="BuiltIn">
<doc>Logs the given message to the console.</doc>
<arguments>
<arg>${AP} is ${APV}</arg>
</arguments>
<status status="PASS" starttime="20200515 13:54:40.672" endtime="20200515 13:54:40.674"></status>
</kw>
<kw name="Log To Console" library="BuiltIn">
<doc>Logs the given message to the console.</doc>
<arguments>
<arg>${AM} is ${AMV}</arg>
</arguments>
<status status="PASS" starttime="20200515 13:54:40.674" endtime="20200515 13:54:40.675"></status>
</kw>
<kw name="Log To Console" library="BuiltIn">
<doc>Logs the given message to the console.</doc>
<arguments>
<arg>${VP} is ${VPV}</arg>
</arguments>
<status status="PASS" starttime="20200515 13:54:40.676" endtime="20200515 13:54:40.677"></status>
</kw>
<kw name="Log To Console" library="BuiltIn">
<doc>Logs the given message to the console.</doc>
<arguments>
<arg>${VM} is ${VMV}</arg>
</arguments>
<status status="PASS" starttime="20200515 13:54:40.678" endtime="20200515 13:54:40.679"></status>
</kw>
<kw name="Sleep" library="BuiltIn">
<doc>Pauses the test executed for the given time.</doc>
<arguments>
<arg>2s</arg>
</arguments>
<msg timestamp="20200515 13:54:42.682" level="INFO">Slept 2 seconds</msg>
<status status="PASS" starttime="20200515 13:54:40.680" endtime="20200515 13:54:42.683"></status>
</kw>
<kw name="Click Element" library="SeleniumLibrary">
<doc>Click the element identified by ``locator``.</doc>
<arguments>
<arg>//button[contains(text(),'Finish')]</arg>
</arguments>
<msg timestamp="20200515 13:54:42.685" level="INFO">Clicking element '//button[contains(text(),'Finish')]'.</msg>
<status status="PASS" starttime="20200515 13:54:42.684" endtime="20200515 13:54:42.941"></status>
</kw>
<kw name="Click Element" library="SeleniumLibrary">
<doc>Click the element identified by ``locator``.</doc>
<arguments>
<arg>//button[contains(text(),'Export Excel')]</arg>
</arguments>
<msg timestamp="20200515 13:54:42.942" level="INFO">Clicking element '//button[contains(text(),'Export Excel')]'.</msg>
<status status="PASS" starttime="20200515 13:54:42.942" endtime="20200515 13:54:44.203"></status>
</kw>
<kw name="Sleep" library="BuiltIn">
<doc>Pauses the test executed for the given time.</doc>
<arguments>
<arg>5s</arg>
</arguments>
<msg timestamp="20200515 13:54:49.204" level="INFO">Slept 5 seconds</msg>
<status status="PASS" starttime="20200515 13:54:44.203" endtime="20200515 13:54:49.204"></status>
</kw>
<kw name="Click Element" library="SeleniumLibrary">
<doc>Click the element identified by ``locator``.</doc>
<arguments>
<arg>//button[@class='btn summary-btn-close ng-scope']</arg>
</arguments>
<msg timestamp="20200515 13:54:49.207" level="INFO">Clicking element '//button[@class='btn summary-btn-close ng-scope']'.</msg>
<status status="PASS" starttime="20200515 13:54:49.205" endtime="20200515 13:54:49.388"></status>
</kw>
<kw name="Sleep" library="BuiltIn">
<doc>Pauses the test executed for the given time.</doc>
<arguments>
<arg>2s</arg>
</arguments>
<msg timestamp="20200515 13:54:51.390" level="INFO">Slept 2 seconds</msg>
<status status="PASS" starttime="20200515 13:54:49.389" endtime="20200515 13:54:51.390"></status>
</kw>
<kw name="Click Element" library="SeleniumLibrary">
<doc>Click the element identified by ``locator``.</doc>
<arguments>
<arg>//span[3]//div[1]//table[1]//tbody[1]//tr[1]//td[1]//div[1]//span[2]//i[2]</arg>
</arguments>
<msg timestamp="20200515 13:54:51.392" level="INFO">Clicking element '//span[3]//div[1]//table[1]//tbody[1]//tr[1]//td[1]//div[1]//span[2]//i[2]'.</msg>
<status status="PASS" starttime="20200515 13:54:51.391" endtime="20200515 13:54:51.564"></status>
</kw>
<kw name="Sleep" library="BuiltIn">
<doc>Pauses the test executed for the given time.</doc>
<arguments>
<arg>2s</arg>
</arguments>
<msg timestamp="20200515 13:54:53.566" level="INFO">Slept 2 seconds</msg>
<status status="PASS" starttime="20200515 13:54:51.565" endtime="20200515 13:54:53.566"></status>
</kw>
<status status="PASS" starttime="20200515 13:54:22.475" endtime="20200515 13:54:53.566"></status>
</kw>
<status status="PASS" starttime="20200515 13:53:53.878" endtime="20200515 13:54:53.566" critical="yes"></status>
</test>
<test id="s1-s1-s1-s1-s1-t5" name="Logout from the greytHR Application and close the browser">
<kw name="TC_26_Delete all the Analysis" library="Logout">
<kw name="Sleep" library="BuiltIn">
<doc>Pauses the test executed for the given time.</doc>
<arguments>
<arg>2s</arg>
</arguments>
<msg timestamp="20200515 13:54:55.571" level="INFO">Slept 2 seconds</msg>
<status status="PASS" starttime="20200515 13:54:53.570" endtime="20200515 13:54:55.571"></status>
</kw>
<kw name="Click Element" library="SeleniumLibrary">
<doc>Click the element identified by ``locator``.</doc>
<arguments>
<arg>//span[1]//div[1]//table[1]//tbody[1]//tr[1]//td[1]//div[1]//span[2]//i[3]</arg>
</arguments>
<msg timestamp="20200515 13:54:55.575" level="INFO">Clicking element '//span[1]//div[1]//table[1]//tbody[1]//tr[1]//td[1]//div[1]//span[2]//i[3]'.</msg>
<status status="PASS" starttime="20200515 13:54:55.572" endtime="20200515 13:54:55.707"></status>
</kw>
<kw name="Click Element" library="SeleniumLibrary">
<doc>Click the element identified by ``locator``.</doc>
<arguments>
<arg>//button[contains(text(),'Confirm')]</arg>
</arguments>
<msg timestamp="20200515 13:54:55.708" level="INFO">Clicking element '//button[contains(text(),'Confirm')]'.</msg>
<status status="PASS" starttime="20200515 13:54:55.708" endtime="20200515 13:54:55.816"></status>
</kw>
<kw name="Sleep" library="BuiltIn">
<doc>Pauses the test executed for the given time.</doc>
<arguments>
<arg>8s</arg>
</arguments>
<msg timestamp="20200515 13:55:03.818" level="INFO">Slept 8 seconds</msg>
<status status="PASS" starttime="20200515 13:54:55.816" endtime="20200515 13:55:03.819"></status>
</kw>
<kw name="Click Element" library="SeleniumLibrary">
<doc>Click the element identified by ``locator``.</doc>
<arguments>
<arg>//span[2]//div[1]//table[1]//tbody[1]//tr[1]//td[1]//div[1]//span[2]//i[3]</arg>
</arguments>
<msg timestamp="20200515 13:55:03.824" level="INFO">Clicking element '//span[2]//div[1]//table[1]//tbody[1]//tr[1]//td[1]//div[1]//span[2]//i[3]'.</msg>
<status status="PASS" starttime="20200515 13:55:03.819" endtime="20200515 13:55:04.043"></status>
</kw>
<kw name="Click Element" library="SeleniumLibrary">
<doc>Click the element identified by ``locator``.</doc>
<arguments>
<arg>//button[contains(text(),'Confirm')]</arg>
</arguments>
<msg timestamp="20200515 13:55:04.044" level="INFO">Clicking element '//button[contains(text(),'Confirm')]'.</msg>
<status status="PASS" starttime="20200515 13:55:04.044" endtime="20200515 13:55:04.101"></status>
</kw>
<kw name="Sleep" library="BuiltIn">
<doc>Pauses the test executed for the given time.</doc>
<arguments>
<arg>8s</arg>
</arguments>
<msg timestamp="20200515 13:55:12.109" level="INFO">Slept 8 seconds</msg>
<status status="PASS" starttime="20200515 13:55:04.101" endtime="20200515 13:55:12.110"></status>
</kw>
<kw name="Click Element" library="SeleniumLibrary">
<doc>Click the element identified by ``locator``.</doc>
<arguments>
<arg>//i[@class='icon-trash']</arg>
</arguments>
<msg timestamp="20200515 13:55:12.111" level="INFO">Clicking element '//i[@class='icon-trash']'.</msg>
<status status="PASS" starttime="20200515 13:55:12.110" endtime="20200515 13:55:12.332"></status>
</kw>
<kw name="Click Element" library="SeleniumLibrary">
<doc>Click the element identified by ``locator``.</doc>
<arguments>
<arg>//button[contains(text(),'Confirm')]</arg>
</arguments>
<msg timestamp="20200515 13:55:12.333" level="INFO">Clicking element '//button[contains(text(),'Confirm')]'.</msg>
<status status="PASS" starttime="20200515 13:55:12.332" endtime="20200515 13:55:12.393"></status>
</kw>
<kw name="Sleep" library="BuiltIn">
<doc>Pauses the test executed for the given time.</doc>
<arguments>
<arg>5s</arg>
</arguments>
<msg timestamp="20200515 13:55:17.395" level="INFO">Slept 5 seconds</msg>
<status status="PASS" starttime="20200515 13:55:12.393" endtime="20200515 13:55:17.395"></status>
</kw>
<status status="PASS" starttime="20200515 13:54:53.569" endtime="20200515 13:55:17.396"></status>
</kw>
<kw name="TC_27_Logout from greytHR and Close Browser" library="Logout">
<kw name="Sleep" library="BuiltIn">
<doc>Pauses the test executed for the given time.</doc>
<arguments>
<arg>2s</arg>
</arguments>
<msg timestamp="20200515 13:55:19.402" level="INFO">Slept 2 seconds</msg>
<status status="PASS" starttime="20200515 13:55:17.399" endtime="20200515 13:55:19.402"></status>
</kw>
<kw name="Click Element" library="SeleniumLibrary">
<doc>Click the element identified by ``locator``.</doc>
<arguments>
<arg>//a[contains(text(),'Sign Out')]</arg>
</arguments>
<msg timestamp="20200515 13:55:19.405" level="INFO">Clicking element '//a[contains(text(),'Sign Out')]'.</msg>
<status status="PASS" starttime="20200515 13:55:19.403" endtime="20200515 13:55:19.510"></status>
</kw>
<kw name="Close Browser" library="SeleniumLibrary">
<doc>Closes the current browser.</doc>
<status status="PASS" starttime="20200515 13:55:19.510" endtime="20200515 13:55:21.790"></status>
</kw>
<status status="PASS" starttime="20200515 13:55:17.397" endtime="20200515 13:55:21.791"></status>
</kw>
<status status="PASS" starttime="20200515 13:54:53.567" endtime="20200515 13:55:21.792" critical="yes"></status>
</test>
<status status="PASS" starttime="20200515 13:51:11.033" endtime="20200515 13:55:21.797"></status>
</suite>
<status status="PASS" starttime="20200515 13:51:11.028" endtime="20200515 13:55:21.818"></status>
</suite>
<status status="PASS" starttime="20200515 13:51:11.023" endtime="20200515 13:55:21.833"></status>
</suite>
<status status="PASS" starttime="20200515 13:51:11.013" endtime="20200515 13:55:21.837"></status>
</suite>
<status status="PASS" starttime="20200515 13:51:10.963" endtime="20200515 13:55:21.842"></status>
</suite>
<statistics>
<total>
<stat pass="5" fail="0">Critical Tests</stat>
<stat pass="5" fail="0">All Tests</stat>
</total>
<tag>
</tag>
<suite>
<stat pass="5" fail="0" id="s1" name="Salary Revision Planner">Salary Revision Planner</stat>
<stat pass="5" fail="0" id="s1-s1" name="Test Suite">Salary Revision Planner.Test Suite</stat>
<stat pass="5" fail="0" id="s1-s1-s1" name="GHR-Admin">Salary Revision Planner.Test Suite.GHR-Admin</stat>
<stat pass="5" fail="0" id="s1-s1-s1-s1" name="Revision Planner">Salary Revision Planner.Test Suite.GHR-Admin.Revision Planner</stat>
<stat pass="5" fail="0" id="s1-s1-s1-s1-s1" name="Revision Planner Test Scenarios">Salary Revision Planner.Test Suite.GHR-Admin.Revision Planner.Revision Planner Test Scenarios</stat>
</suite>
</statistics>
<errors>
</errors>
</robot>
